2024-03-07 11:26:43.347 [info] Log level: Info
2024-03-07 11:26:43.347 [info] Validating found git in: "git"
2024-03-07 11:26:43.347 [info] Using git "2.39.3" from "git"
2024-03-07 11:26:43.347 [info] > git rev-parse --show-toplevel [112ms]
2024-03-07 11:26:43.347 [info] > git rev-parse --git-dir --git-common-dir [6ms]
2024-03-07 11:26:43.347 [info] Open repository: /home/dataiku/workspace
2024-03-07 11:26:43.347 [info] > git rev-parse --show-toplevel [16ms]
2024-03-07 11:26:43.347 [info] > git config --get commit.template [15ms]
2024-03-07 11:26:43.347 [info] > git rev-parse --show-toplevel [15ms]
2024-03-07 11:26:43.347 [info] > git for-each-ref --format=%(refname)%00%(upstream:short)%00%(objectname)%00%(upstream:track)%00%(upstream:remotename)%00%(upstream:remoteref) refs/heads/develop refs/remotes/develop [14ms]
2024-03-07 11:26:43.347 [info] > git rev-parse --show-toplevel [13ms]
2024-03-07 11:26:43.347 [info] > git status -z -uall [12ms]
2024-03-07 11:26:43.347 [info] > git rev-parse --show-toplevel [59ms]
2024-03-07 11:26:43.347 [info] > git config --get commit.template [28ms]
2024-03-07 11:26:43.347 [info] > git rev-parse --show-toplevel [18ms]
2024-03-07 11:26:43.347 [info] > git rev-parse --show-toplevel [35ms]
2024-03-07 11:26:43.347 [info] > git for-each-ref --format=%(refname)%00%(upstream:short)%00%(objectname)%00%(upstream:track)%00%(upstream:remotename)%00%(upstream:remoteref) refs/heads/develop refs/remotes/develop [12ms]
2024-03-07 11:26:43.347 [info] > git rev-parse --show-toplevel [14ms]
2024-03-07 11:26:43.347 [info] > git status -z -uall [15ms]
2024-03-07 11:26:43.347 [info] > git rev-parse --show-toplevel [6ms]
2024-03-07 11:26:43.347 [info] > git rev-parse --show-toplevel [46ms]
2024-03-07 11:26:43.347 [info] > git rev-parse --show-toplevel [4ms]
2024-03-07 11:26:43.347 [info] > git rev-parse --show-toplevel [3ms]
2024-03-07 11:26:43.347 [info] > git check-ignore -v -z --stdin [3ms]
2024-03-07 11:26:43.409 [info] > git show --textconv :recipes/compute_analyticsbk_dataset.py [11ms]
2024-03-07 11:26:43.411 [info] > git ls-files --stage -- /home/dataiku/workspace/recipes/compute_analyticsbk_dataset.py [3ms]
2024-03-07 11:26:43.430 [info] > git cat-file -s 8d25ce339b00ebb6260267c9cd8e2089a5681765 [10ms]
2024-03-07 11:26:44.901 [info] > git check-ignore -v -z --stdin [5ms]
2024-03-07 11:26:45.896 [info] > git config --get commit.template [3ms]
2024-03-07 11:26:45.912 [info] > git for-each-ref --format=%(refname)%00%(upstream:short)%00%(objectname)%00%(upstream:track)%00%(upstream:remotename)%00%(upstream:remoteref) refs/heads/develop refs/remotes/develop [3ms]
2024-03-07 11:26:45.985 [info] > git status -z -uall [60ms]
2024-03-07 11:26:51.023 [info] > git config --get commit.template [17ms]
2024-03-07 11:26:51.024 [info] > git for-each-ref --format=%(refname)%00%(upstream:short)%00%(objectname)%00%(upstream:track)%00%(upstream:remotename)%00%(upstream:remoteref) refs/heads/develop refs/remotes/develop [3ms]
2024-03-07 11:26:51.047 [info] > git status -z -uall [10ms]
2024-03-07 11:26:56.080 [info] > git config --get commit.template [14ms]
2024-03-07 11:26:56.081 [info] > git for-each-ref --format=%(refname)%00%(upstream:short)%00%(objectname)%00%(upstream:track)%00%(upstream:remotename)%00%(upstream:remoteref) refs/heads/develop refs/remotes/develop [2ms]
2024-03-07 11:26:56.102 [info] > git status -z -uall [10ms]
2024-03-07 11:27:01.136 [info] > git config --get commit.template [14ms]
2024-03-07 11:27:01.137 [info] > git for-each-ref --format=%(refname)%00%(upstream:short)%00%(objectname)%00%(upstream:track)%00%(upstream:remotename)%00%(upstream:remoteref) refs/heads/develop refs/remotes/develop [2ms]
2024-03-07 11:27:01.157 [info] > git status -z -uall [8ms]
2024-03-07 11:27:06.191 [info] > git config --get commit.template [14ms]
2024-03-07 11:27:06.192 [info] > git for-each-ref --format=%(refname)%00%(upstream:short)%00%(objectname)%00%(upstream:track)%00%(upstream:remotename)%00%(upstream:remoteref) refs/heads/develop refs/remotes/develop [2ms]
2024-03-07 11:27:06.213 [info] > git status -z -uall [10ms]
2024-03-07 11:27:11.244 [info] > git config --get commit.template [13ms]
2024-03-07 11:27:11.245 [info] > git for-each-ref --format=%(refname)%00%(upstream:short)%00%(objectname)%00%(upstream:track)%00%(upstream:remotename)%00%(upstream:remoteref) refs/heads/develop refs/remotes/develop [2ms]
2024-03-07 11:27:11.266 [info] > git status -z -uall [10ms]
2024-03-07 11:27:16.288 [info] > git config --get commit.template [9ms]
2024-03-07 11:27:16.288 [info] > git for-each-ref --format=%(refname)%00%(upstream:short)%00%(objectname)%00%(upstream:track)%00%(upstream:remotename)%00%(upstream:remoteref) refs/heads/develop refs/remotes/develop [2ms]
2024-03-07 11:27:16.306 [info] > git status -z -uall [10ms]
2024-03-07 11:27:21.328 [info] > git config --get commit.template [9ms]
2024-03-07 11:27:21.329 [info] > git for-each-ref --format=%(refname)%00%(upstream:short)%00%(objectname)%00%(upstream:track)%00%(upstream:remotename)%00%(upstream:remoteref) refs/heads/develop refs/remotes/develop [2ms]
2024-03-07 11:27:21.346 [info] > git status -z -uall [10ms]
2024-03-07 11:27:26.368 [info] > git config --get commit.template [7ms]
2024-03-07 11:27:26.368 [info] > git for-each-ref --format=%(refname)%00%(upstream:short)%00%(objectname)%00%(upstream:track)%00%(upstream:remotename)%00%(upstream:remoteref) refs/heads/develop refs/remotes/develop [2ms]
2024-03-07 11:27:26.384 [info] > git status -z -uall [10ms]
2024-03-07 11:27:54.221 [info] > git config --get commit.template [8ms]
2024-03-07 11:27:54.222 [info] > git for-each-ref --format=%(refname)%00%(upstream:short)%00%(objectname)%00%(upstream:track)%00%(upstream:remotename)%00%(upstream:remoteref) refs/heads/develop refs/remotes/develop [2ms]
2024-03-07 11:27:54.238 [info] > git status -z -uall [10ms]
2024-03-07 11:27:59.259 [info] > git config --get commit.template [8ms]
2024-03-07 11:27:59.260 [info] > git for-each-ref --format=%(refname)%00%(upstream:short)%00%(objectname)%00%(upstream:track)%00%(upstream:remotename)%00%(upstream:remoteref) refs/heads/develop refs/remotes/develop [2ms]
2024-03-07 11:27:59.276 [info] > git status -z -uall [10ms]
2024-03-07 11:28:04.299 [info] > git config --get commit.template [9ms]
2024-03-07 11:28:04.300 [info] > git for-each-ref --format=%(refname)%00%(upstream:short)%00%(objectname)%00%(upstream:track)%00%(upstream:remotename)%00%(upstream:remoteref) refs/heads/develop refs/remotes/develop [2ms]
2024-03-07 11:28:04.317 [info] > git status -z -uall [11ms]
2024-03-07 11:28:09.338 [info] > git config --get commit.template [8ms]
2024-03-07 11:28:09.339 [info] > git for-each-ref --format=%(refname)%00%(upstream:short)%00%(objectname)%00%(upstream:track)%00%(upstream:remotename)%00%(upstream:remoteref) refs/heads/develop refs/remotes/develop [1ms]
2024-03-07 11:28:09.355 [info] > git status -z -uall [10ms]
2024-03-07 11:28:17.050 [info] > git config --get commit.template [10ms]
2024-03-07 11:28:17.050 [info] > git for-each-ref --format=%(refname)%00%(upstream:short)%00%(objectname)%00%(upstream:track)%00%(upstream:remotename)%00%(upstream:remoteref) refs/heads/develop refs/remotes/develop [1ms]
2024-03-07 11:28:17.067 [info] > git status -z -uall [9ms]
2024-03-07 11:28:22.102 [info] > git config --get commit.template [10ms]
2024-03-07 11:28:22.103 [info] > git for-each-ref --format=%(refname)%00%(upstream:short)%00%(objectname)%00%(upstream:track)%00%(upstream:remotename)%00%(upstream:remoteref) refs/heads/develop refs/remotes/develop [2ms]
2024-03-07 11:28:22.121 [info] > git status -z -uall [10ms]
2024-03-07 11:28:27.149 [info] > git config --get commit.template [8ms]
2024-03-07 11:28:27.150 [info] > git for-each-ref --format=%(refname)%00%(upstream:short)%00%(objectname)%00%(upstream:track)%00%(upstream:remotename)%00%(upstream:remoteref) refs/heads/develop refs/remotes/develop [1ms]
2024-03-07 11:28:27.167 [info] > git status -z -uall [10ms]
2024-03-07 11:28:32.196 [info] > git config --get commit.template [10ms]
2024-03-07 11:28:32.198 [info] > git for-each-ref --format=%(refname)%00%(upstream:short)%00%(objectname)%00%(upstream:track)%00%(upstream:remotename)%00%(upstream:remoteref) refs/heads/develop refs/remotes/develop [2ms]
2024-03-07 11:28:32.217 [info] > git status -z -uall [10ms]
2024-03-07 11:28:37.246 [info] > git config --get commit.template [8ms]
2024-03-07 11:28:37.247 [info] > git for-each-ref --format=%(refname)%00%(upstream:short)%00%(objectname)%00%(upstream:track)%00%(upstream:remotename)%00%(upstream:remoteref) refs/heads/develop refs/remotes/develop [1ms]
2024-03-07 11:28:37.264 [info] > git status -z -uall [10ms]
2024-03-07 11:28:42.292 [info] > git config --get commit.template [8ms]
2024-03-07 11:28:42.293 [info] > git for-each-ref --format=%(refname)%00%(upstream:short)%00%(objectname)%00%(upstream:track)%00%(upstream:remotename)%00%(upstream:remoteref) refs/heads/develop refs/remotes/develop [1ms]
2024-03-07 11:28:42.310 [info] > git status -z -uall [10ms]
2024-03-07 11:28:47.342 [info] > git config --get commit.template [12ms]
2024-03-07 11:28:47.343 [info] > git for-each-ref --format=%(refname)%00%(upstream:short)%00%(objectname)%00%(upstream:track)%00%(upstream:remotename)%00%(upstream:remoteref) refs/heads/develop refs/remotes/develop [3ms]
2024-03-07 11:28:47.384 [info] > git status -z -uall [33ms]
2024-03-07 11:28:52.417 [info] > git config --get commit.template [9ms]
2024-03-07 11:28:52.418 [info] > git for-each-ref --format=%(refname)%00%(upstream:short)%00%(objectname)%00%(upstream:track)%00%(upstream:remotename)%00%(upstream:remoteref) refs/heads/develop refs/remotes/develop [2ms]
2024-03-07 11:28:52.438 [info] > git status -z -uall [13ms]
2024-03-07 11:28:57.468 [info] > git config --get commit.template [9ms]
2024-03-07 11:28:57.469 [info] > git for-each-ref --format=%(refname)%00%(upstream:short)%00%(objectname)%00%(upstream:track)%00%(upstream:remotename)%00%(upstream:remoteref) refs/heads/develop refs/remotes/develop [1ms]
2024-03-07 11:28:57.486 [info] > git status -z -uall [10ms]
2024-03-07 11:29:02.519 [info] > git config --get commit.template [10ms]
2024-03-07 11:29:02.520 [info] > git for-each-ref --format=%(refname)%00%(upstream:short)%00%(objectname)%00%(upstream:track)%00%(upstream:remotename)%00%(upstream:remoteref) refs/heads/develop refs/remotes/develop [2ms]
2024-03-07 11:29:02.539 [info] > git status -z -uall [10ms]
2024-03-07 11:29:07.565 [info] > git config --get commit.template [9ms]
2024-03-07 11:29:07.566 [info] > git for-each-ref --format=%(refname)%00%(upstream:short)%00%(objectname)%00%(upstream:track)%00%(upstream:remotename)%00%(upstream:remoteref) refs/heads/develop refs/remotes/develop [2ms]
2024-03-07 11:29:07.584 [info] > git status -z -uall [11ms]
2024-03-07 11:29:12.612 [info] > git config --get commit.template [10ms]
2024-03-07 11:29:12.613 [info] > git for-each-ref --format=%(refname)%00%(upstream:short)%00%(objectname)%00%(upstream:track)%00%(upstream:remotename)%00%(upstream:remoteref) refs/heads/develop refs/remotes/develop [2ms]
2024-03-07 11:29:12.632 [info] > git status -z -uall [11ms]
2024-03-07 11:29:17.660 [info] > git config --get commit.template [10ms]
2024-03-07 11:29:17.661 [info] > git for-each-ref --format=%(refname)%00%(upstream:short)%00%(objectname)%00%(upstream:track)%00%(upstream:remotename)%00%(upstream:remoteref) refs/heads/develop refs/remotes/develop [2ms]
2024-03-07 11:29:17.678 [info] > git status -z -uall [10ms]
2024-03-07 11:29:22.705 [info] > git config --get commit.template [10ms]
2024-03-07 11:29:22.706 [info] > git for-each-ref --format=%(refname)%00%(upstream:short)%00%(objectname)%00%(upstream:track)%00%(upstream:remotename)%00%(upstream:remoteref) refs/heads/develop refs/remotes/develop [2ms]
2024-03-07 11:29:22.724 [info] > git status -z -uall [10ms]
2024-03-07 11:29:27.752 [info] > git config --get commit.template [7ms]
2024-03-07 11:29:27.752 [info] > git for-each-ref --format=%(refname)%00%(upstream:short)%00%(objectname)%00%(upstream:track)%00%(upstream:remotename)%00%(upstream:remoteref) refs/heads/develop refs/remotes/develop [1ms]
2024-03-07 11:29:27.769 [info] > git status -z -uall [11ms]
2024-03-07 11:29:32.798 [info] > git config --get commit.template [8ms]
2024-03-07 11:29:32.799 [info] > git for-each-ref --format=%(refname)%00%(upstream:short)%00%(objectname)%00%(upstream:track)%00%(upstream:remotename)%00%(upstream:remoteref) refs/heads/develop refs/remotes/develop [1ms]
2024-03-07 11:29:32.816 [info] > git status -z -uall [10ms]
2024-03-07 11:29:38.097 [info] > git config --get commit.template [9ms]
2024-03-07 11:29:38.098 [info] > git for-each-ref --format=%(refname)%00%(upstream:short)%00%(objectname)%00%(upstream:track)%00%(upstream:remotename)%00%(upstream:remoteref) refs/heads/develop refs/remotes/develop [1ms]
2024-03-07 11:29:38.115 [info] > git status -z -uall [10ms]
2024-03-07 11:29:39.990 [info] > git push hello-world develop [162ms]
2024-03-07 11:29:39.990 [info] remote: Not Found
fatal: repository 'https://github.com/programata/' not found
2024-03-07 11:29:40.009 [info] > git config --get commit.template [9ms]
2024-03-07 11:29:40.011 [info] > git for-each-ref --format=%(refname)%00%(upstream:short)%00%(objectname)%00%(upstream:track)%00%(upstream:remotename)%00%(upstream:remoteref) refs/heads/develop refs/remotes/develop [1ms]
2024-03-07 11:29:40.028 [info] > git status -z -uall [10ms]
2024-03-07 11:29:43.141 [info] > git config --get commit.template [9ms]
2024-03-07 11:29:43.142 [info] > git for-each-ref --format=%(refname)%00%(upstream:short)%00%(objectname)%00%(upstream:track)%00%(upstream:remotename)%00%(upstream:remoteref) refs/heads/develop refs/remotes/develop [2ms]
2024-03-07 11:29:43.158 [info] > git status -z -uall [10ms]
2024-03-07 11:29:48.188 [info] > git config --get commit.template [9ms]
2024-03-07 11:29:48.189 [info] > git for-each-ref --format=%(refname)%00%(upstream:short)%00%(objectname)%00%(upstream:track)%00%(upstream:remotename)%00%(upstream:remoteref) refs/heads/develop refs/remotes/develop [2ms]
2024-03-07 11:29:48.206 [info] > git status -z -uall [10ms]
2024-03-07 11:29:53.233 [info] > git config --get commit.template [9ms]
2024-03-07 11:29:53.234 [info] > git for-each-ref --format=%(refname)%00%(upstream:short)%00%(objectname)%00%(upstream:track)%00%(upstream:remotename)%00%(upstream:remoteref) refs/heads/develop refs/remotes/develop [2ms]
2024-03-07 11:29:53.253 [info] > git status -z -uall [10ms]
2024-03-07 11:29:58.280 [info] > git config --get commit.template [9ms]
2024-03-07 11:29:58.281 [info] > git for-each-ref --format=%(refname)%00%(upstream:short)%00%(objectname)%00%(upstream:track)%00%(upstream:remotename)%00%(upstream:remoteref) refs/heads/develop refs/remotes/develop [2ms]
2024-03-07 11:29:58.298 [info] > git status -z -uall [10ms]
2024-03-07 11:30:03.328 [info] > git config --get commit.template [9ms]
2024-03-07 11:30:03.329 [info] > git for-each-ref --format=%(refname)%00%(upstream:short)%00%(objectname)%00%(upstream:track)%00%(upstream:remotename)%00%(upstream:remoteref) refs/heads/develop refs/remotes/develop [2ms]
2024-03-07 11:30:03.346 [info] > git status -z -uall [10ms]
2024-03-07 11:30:08.373 [info] > git config --get commit.template [9ms]
2024-03-07 11:30:08.374 [info] > git for-each-ref --format=%(refname)%00%(upstream:short)%00%(objectname)%00%(upstream:track)%00%(upstream:remotename)%00%(upstream:remoteref) refs/heads/develop refs/remotes/develop [2ms]
2024-03-07 11:30:08.392 [info] > git status -z -uall [10ms]
2024-03-07 11:30:13.060 [info] > git remote remove kkk [2ms]
2024-03-07 11:30:13.076 [info] > git config --get commit.template [8ms]
2024-03-07 11:30:13.077 [info] > git for-each-ref --format=%(refname)%00%(upstream:short)%00%(objectname)%00%(upstream:track)%00%(upstream:remotename)%00%(upstream:remoteref) refs/heads/develop refs/remotes/develop [2ms]
2024-03-07 11:30:13.093 [info] > git status -z -uall [10ms]
2024-03-07 11:30:13.420 [info] > git config --get commit.template [9ms]
2024-03-07 11:30:13.421 [info] > git for-each-ref --format=%(refname)%00%(upstream:short)%00%(objectname)%00%(upstream:track)%00%(upstream:remotename)%00%(upstream:remoteref) refs/heads/develop refs/remotes/develop [1ms]
2024-03-07 11:30:13.438 [info] > git status -z -uall [10ms]
2024-03-07 11:30:14.414 [info] > git ls-files --stage -- /home/dataiku/workspace/recipes/compute_analyticsbk_dataset.py [2ms]
2024-03-07 11:30:14.425 [info] > git cat-file -s 8d25ce339b00ebb6260267c9cd8e2089a5681765 [2ms]
2024-03-07 11:30:14.478 [info] > git show --textconv :recipes/compute_analyticsbk_dataset.py [3ms]
2024-03-07 11:30:18.466 [info] > git config --get commit.template [10ms]
2024-03-07 11:30:18.467 [info] > git for-each-ref --format=%(refname)%00%(upstream:short)%00%(objectname)%00%(upstream:track)%00%(upstream:remotename)%00%(upstream:remoteref) refs/heads/develop refs/remotes/develop [2ms]
2024-03-07 11:30:18.484 [info] > git status -z -uall [10ms]
2024-03-07 11:30:23.513 [info] > git config --get commit.template [9ms]
2024-03-07 11:30:23.514 [info] > git for-each-ref --format=%(refname)%00%(upstream:short)%00%(objectname)%00%(upstream:track)%00%(upstream:remotename)%00%(upstream:remoteref) refs/heads/develop refs/remotes/develop [1ms]
2024-03-07 11:30:23.532 [info] > git status -z -uall [11ms]
2024-03-07 11:30:28.561 [info] > git config --get commit.template [9ms]
2024-03-07 11:30:28.562 [info] > git for-each-ref --format=%(refname)%00%(upstream:short)%00%(objectname)%00%(upstream:track)%00%(upstream:remotename)%00%(upstream:remoteref) refs/heads/develop refs/remotes/develop [1ms]
2024-03-07 11:30:28.580 [info] > git status -z -uall [10ms]
2024-03-07 11:30:30.215 [info] > git remote remove dataiku [3ms]
2024-03-07 11:30:30.233 [info] > git config --get commit.template [8ms]
2024-03-07 11:30:30.234 [info] > git for-each-ref --format=%(refname)%00%(upstream:short)%00%(objectname)%00%(upstream:track)%00%(upstream:remotename)%00%(upstream:remoteref) refs/heads/develop refs/remotes/develop [2ms]
2024-03-07 11:30:30.251 [info] > git status -z -uall [10ms]
2024-03-07 11:30:31.576 [info] > git ls-files --stage -- /home/dataiku/workspace/recipes/compute_analyticsbk_dataset.py [2ms]
2024-03-07 11:30:31.586 [info] > git cat-file -s 8d25ce339b00ebb6260267c9cd8e2089a5681765 [2ms]
2024-03-07 11:30:31.637 [info] > git show --textconv :recipes/compute_analyticsbk_dataset.py [3ms]
2024-03-07 11:30:33.612 [info] > git config --get commit.template [9ms]
2024-03-07 11:30:33.613 [info] > git for-each-ref --format=%(refname)%00%(upstream:short)%00%(objectname)%00%(upstream:track)%00%(upstream:remotename)%00%(upstream:remoteref) refs/heads/develop refs/remotes/develop [2ms]
2024-03-07 11:30:33.630 [info] > git status -z -uall [10ms]
2024-03-07 11:30:37.379 [info] > git check-ignore -v -z --stdin [4ms]
2024-03-07 11:30:38.658 [info] > git config --get commit.template [10ms]
2024-03-07 11:30:38.659 [info] > git for-each-ref --format=%(refname)%00%(upstream:short)%00%(objectname)%00%(upstream:track)%00%(upstream:remotename)%00%(upstream:remoteref) refs/heads/develop refs/remotes/develop [2ms]
2024-03-07 11:30:38.677 [info] > git status -z -uall [10ms]
2024-03-07 11:30:41.032 [info] > git add -A -- /home/dataiku/workspace/code_studio-resources/vscode-extensions/extensions.json /home/dataiku/workspace/user-versioned/settings/code-server/CachedProfilesData/__default__profile__/extensions.user.cache /home/dataiku/workspace/user-versioned/settings/code-server/User/History/-4c303f58/entries.json /home/dataiku/workspace/user-versioned/settings/code-server/User/settings.json /home/dataiku/workspace/user-versioned/settings/code-server/User/workspaceStorage/-760492f4/vscode.lock /home/dataiku/workspace/user-versioned/settings/code-server/logs/20240307T093540/exthost3/GitHub.vscode-pull-request-github/GitHub Pull Request.log /home/dataiku/workspace/user-versioned/settings/code-server/logs/20240307T093540/exthost3/ms-python.python/Python.log /home/dataiku/workspace/user-versioned/settings/code-server/logs/20240307T093540/exthost3/output_logging_20240307T112212/2-Jupyter.log /home/dataiku/workspace/user-versioned/settings/code-server/logs/20240307T093540/exthost3/remoteexthost.log /home/dataiku/workspace/user-versioned/settings/code-server/logs/20240307T093540/exthost3/vscode.git/Git.log /home/dataiku/workspace/user-versioned/settings/code-server/logs/20240307T093540/remoteagent.log /home/dataiku/workspace/code_studio-resources/vscode-extensions/.obsolete /home/dataiku/workspace/code_studio-resources/vscode-extensions/eamodio.gitlens-14.2.1-universal/.devcontainer/devcontainer.json /home/dataiku/workspace/code_studio-resources/vscode-extensions/eamodio.gitlens-14.2.1-universal/.vsixmanifest /home/dataiku/workspace/code_studio-resources/vscode-extensions/eamodio.gitlens-14.2.1-universal/CHANGELOG.md /home/dataiku/workspace/code_studio-resources/vscode-extensions/eamodio.gitlens-14.2.1-universal/LICENSE.plus /home/dataiku/workspace/code_studio-resources/vscode-extensions/eamodio.gitlens-14.2.1-universal/LICENSE.txt /home/dataiku/workspace/code_studio-resources/vscode-extensions/eamodio.gitlens-14.2.1-universal/README.md /home/dataiku/workspace/code_studio-resources/vscode-extensions/eamodio.gitlens-14.2.1-universal/ThirdPartyNotices.txt /home/dataiku/workspace/code_studio-resources/vscode-extensions/eamodio.gitlens-14.2.1-universal/dist/browser/gitlens.js /home/dataiku/workspace/code_studio-resources/vscode-extensions/eamodio.gitlens-14.2.1-universal/dist/feature-account.js /home/dataiku/workspace/code_studio-resources/vscode-extensions/eamodio.gitlens-14.2.1-universal/dist/feature-annotations-blame.js /home/dataiku/workspace/code_studio-resources/vscode-extensions/eamodio.gitlens-14.2.1-universal/dist/feature-annotations-changes.js /home/dataiku/workspace/code_studio-resources/vscode-extensions/eamodio.gitlens-14.2.1-universal/dist/feature-annotations-heatmap.js /home/dataiku/workspace/code_studio-resources/vscode-extensions/eamodio.gitlens-14.2.1-universal/dist/feature-codelens.js /home/dataiku/workspace/code_studio-resources/vscode-extensions/eamodio.gitlens-14.2.1-universal/dist/feature-commitDetails.js /home/dataiku/workspace/code_studio-resources/vscode-extensions/eamodio.gitlens-14.2.1-universal/dist/feature-encoding.js /home/dataiku/workspace/code_studio-resources/vscode-extensions/eamodio.gitlens-14.2.1-universal/dist/feature-focus.js /home/dataiku/workspace/code_studio-resources/vscode-extensions/eamodio.gitlens-14.2.1-universal/dist/feature-github.js /home/dataiku/workspace/code_studio-resources/vscode-extensions/eamodio.gitlens-14.2.1-universal/dist/feature-gitlab.js /home/dataiku/workspace/code_studio-resources/vscode-extensions/eamodio.gitlens-14.2.1-universal/dist/feature-graph.js /home/dataiku/workspace/code_studio-resources/vscode-extensions/eamodio.gitlens-14.2.1-universal/dist/feature-home.js /home/dataiku/workspace/code_studio-resources/vscode-extensions/eamodio.gitlens-14.2.1-universal/dist/feature-settings.js /home/dataiku/workspace/code_studio-resources/vscode-extensions/eamodio.gitlens-14.2.1-universal/dist/feature-telemetry.js /home/dataiku/workspace/code_studio-resources/vscode-extensions/eamodio.gitlens-14.2.1-universal/dist/feature-timeline.js /home/dataiku/workspace/code_studio-resources/vscode-extensions/eamodio.gitlens-14.2.1-universal/dist/feature-welcome.js /home/dataiku/workspace/code_studio-resources/vscode-extensions/eamodio.gitlens-14.2.1-universal/dist/gitlens.js /home/dataiku/workspace/code_studio-resources/vscode-extensions/eamodio.gitlens-14.2.1-universal/dist/glicons.woff2 /home/dataiku/workspace/code_studio-resources/vscode-extensions/eamodio.gitlens-14.2.1-universal/dist/webviews/account.html /home/dataiku/workspace/code_studio-resources/vscode-extensions/eamodio.gitlens-14.2.1-universal/dist/webviews/account.js /home/dataiku/workspace/code_studio-resources/vscode-extensions/eamodio.gitlens-14.2.1-universal/dist/webviews/codicon.ttf /home/dataiku/workspace/code_studio-resources/vscode-extensions/eamodio.gitlens-14.2.1-universal/dist/webviews/commitDetails.html /home/dataiku/workspace/code_studio-resources/vscode-extensions/eamodio.gitlens-14.2.1-universal/dist/webviews/commitDetails.js /home/dataiku/workspace/code_studio-resources/vscode-extensions/eamodio.gitlens-14.2.1-universal/dist/webviews/feature-billboard.js /home/dataiku/workspace/code_studio-resources/vscode-extensions/eamodio.gitlens-14.2.1-universal/dist/webviews/focus.html /home/dataiku/workspace/code_studio-resources/vscode-extensions/eamodio.gitlens-14.2.1-universal/dist/webviews/focus.js /home/dataiku/workspace/code_studio-resources/vscode-extensions/eamodio.gitlens-14.2.1-universal/dist/webviews/graph.html /home/dataiku/workspace/code_studio-resources/vscode-extensions/eamodio.gitlens-14.2.1-universal/dist/webviews/graph.js /home/dataiku/workspace/code_studio-resources/vscode-extensions/eamodio.gitlens-14.2.1-universal/dist/webviews/home.html /home/dataiku/workspace/code_studio-resources/vscode-extensions/eamodio.gitlens-14.2.1-universal/dist/webviews/home.js /home/dataiku/workspace/code_studio-resources/vscode-extensions/eamodio.gitlens-14.2.1-universal/dist/webviews/media/blame-avatars-compact.webp /home/dataiku/workspace/code_studio-resources/vscode-extensions/eamodio.gitlens-14.2.1-universal/dist/webviews/media/blame-avatars.webp /home/dataiku/workspace/code_studio-resources/vscode-extensions/eamodio.gitlens-14.2.1-universal/dist/webviews/media/blame-compact-highlight.webp /home/dataiku/workspace/code_studio-resources/vscode-extensions/eamodio.gitlens-14.2.1-universal/dist/webviews/media/blame-compact.webp /home/dataiku/workspace/code_studio-resources/vscode-extensions/eamodio.gitlens-14.2.1-universal/dist/webviews/media/blame-heatmap-left.webp /home/dataiku/workspace/code_studio-resources/vscode-extensions/eamodio.gitlens-14.2.1-universal/dist/webviews/media/blame-heatmap-right.webp /home/dataiku/workspace/code_studio-resources/vscode-extensions/eamodio.gitlens-14.2.1-universal/dist/webviews/media/blame-highlight-gutter.webp /home/dataiku/workspace/code_studio-resources/vscode-extensions/eamodio.gitlens-14.2.1-universal/dist/webviews/media/blame-highlight-scrollbar.webp /home/dataiku/workspace/code_studio-resources/vscode-extensions/eamodio.gitlens-14.2.1-universal/dist/webviews/media/blame-highlight.webp /home/dataiku/workspace/code_studio-resources/vscode-extensions/eamodio.gitlens-14.2.1-universal/dist/webviews/media/blame.webp /home/dataiku/workspace/code_studio-resources/vscode-extensions/eamodio.gitlens-14.2.1-universal/dist/webviews/media/branches-view-compare+pr.webp /home/dataiku/workspace/code_studio-resources/vscode-extensions/eamodio.gitlens-14.2.1-universal/dist/webviews/media/branches-view-compare.webp /home/dataiku/workspace/code_studio-resources/vscode-extensions/eamodio.gitlens-14.2.1-universal/dist/webviews/media/branches-view-pr.webp /home/dataiku/workspace/code_studio-resources/vscode-extensions/eamodio.gitlens-14.2.1-universal/dist/webviews/media/branches-view.webp /home/dataiku/workspace/code_studio-resources/vscode-extensions/eamodio.gitlens-14.2.1-universal/dist/webviews/media/changes-highlight-gutter.webp /home/dataiku/workspace/code_studio-resources/vscode-extensions/eamodio.gitlens-14.2.1-universal/dist/webviews/media/changes-highlight-scrollbar.webp /home/dataiku/workspace/code_studio-resources/vscode-extensions/eamodio.gitlens-14.2.1-universal/dist/webviews/media/changes.webp /home/dataiku/workspace/code_studio-resources/vscode-extensions/eamodio.gitlens-14.2.1-universal/dist/webviews/media/code-lens-blocks-authors.webp /home/dataiku/workspace/code_studio-resources/vscode-extensions/eamodio.gitlens-14.2.1-universal/dist/webviews/media/code-lens-blocks-recent+authors.webp /home/dataiku/workspace/code_studio-resources/vscode-extensions/eamodio.gitlens-14.2.1-universal/dist/webviews/media/code-lens-blocks-recent.webp /home/dataiku/workspace/code_studio-resources/vscode-extensions/eamodio.gitlens-14.2.1-universal/dist/webviews/media/code-lens-containers-authors.webp /home/dataiku/workspace/code_studio-resources/vscode-extensions/eamodio.gitlens-14.2.1-universal/dist/webviews/media/code-lens-containers-recent+authors.webp /home/dataiku/workspace/code_studio-resources/vscode-extensions/eamodio.gitlens-14.2.1-universal/dist/webviews/media/code-lens-containers-recent.webp /home/dataiku/workspace/code_studio-resources/vscode-extensions/eamodio.gitlens-14.2.1-universal/dist/webviews/media/code-lens-file-authors.webp /home/dataiku/workspace/code_studio-resources/vscode-extensions/eamodio.gitlens-14.2.1-universal/dist/webviews/media/code-lens-file-recent+authors.webp /home/dataiku/workspace/code_studio-resources/vscode-extensions/eamodio.gitlens-14.2.1-universal/dist/webviews/media/code-lens-file-recent.webp /home/dataiku/workspace/code_studio-resources/vscode-extensions/eamodio.gitlens-14.2.1-universal/dist/webviews/media/code-lens.webp /home/dataiku/workspace/code_studio-resources/vscode-extensions/eamodio.gitlens-14.2.1-universal/dist/webviews/media/commit-details.webp /home/dataiku/workspace/code_studio-resources/vscode-extensions/eamodio.gitlens-14.2.1-universal/dist/webviews/media/commits-view-auto-commit-pr.webp /home/dataiku/workspace/code_studio-resources/vscode-extensions/eamodio.gitlens-14.2.1-universal/dist/webviews/media/commits-view-auto-compare+commit-pr.webp /home/dataiku/workspace/code_studio-resources/vscode-extensions/eamodio.gitlens-14.2.1-universal/dist/webviews/media/commits-view-auto-compare+pr+commit-pr.webp /home/dataiku/workspace/code_studio-resources/vscode-extensions/eamodio.gitlens-14.2.1-universal/dist/webviews/media/commits-view-auto-compare+pr.webp /home/dataiku/workspace/code_studio-resources/vscode-extensions/eamodio.gitlens-14.2.1-universal/dist/webviews/media/commits-view-auto-compare.webp /home/dataiku/workspace/code_studio-resources/vscode-extensions/eamodio.gitlens-14.2.1-universal/dist/webviews/media/commits-view-auto-pr+commit-pr.webp /home/dataiku/workspace/code_studio-resources/vscode-extensions/eamodio.gitlens-14.2.1-universal/dist/webviews/media/commits-view-auto-pr.webp /home/dataiku/workspace/code_studio-resources/vscode-extensions/eamodio.gitlens-14.2.1-universal/dist/webviews/media/commits-view-auto.webp /home/dataiku/workspace/code_studio-resources/vscode-extensions/eamodio.gitlens-14.2.1-universal/dist/webviews/media/commits-view-tree-commit-pr.webp /home/dataiku/workspace/code_studio-resources/vscode-extensions/eamodio.gitlens-14.2.1-universal/dist/webviews/media/commits-view-tree-compare+commit-pr.webp /home/dataiku/workspace/code_studio-resources/vscode-extensions/eamodio.gitlens-14.2.1-universal/dist/webviews/media/commits-view-tree-compare+pr+commit-pr.webp /home/dataiku/workspace/code_studio-resources/vscode-extensions/eamodio.gitlens-14.2.1-universal/dist/webviews/media/commits-view-tree-compare+pr.webp /home/dataiku/workspace/code_studio-resources/vscode-extensions/eamodio.gitlens-14.2.1-universal/dist/webviews/media/commits-view-tree-compare.webp /home/dataiku/workspace/code_studio-resources/vscode-extensions/eamodio.gitlens-14.2.1-universal/dist/webviews/media/commits-view-tree-pr+commit-pr.webp /home/dataiku/workspace/code_studio-resources/vscode-extensions/eamodio.gitlens-14.2.1-universal/dist/webviews/media/commits-view-tree-pr.webp /home/dataiku/workspace/code_studio-resources/vscode-extensions/eamodio.gitlens-14.2.1-universal/dist/webviews/media/commits-view-tree.webp /home/dataiku/workspace/code_studio-resources/vscode-extensions/eamodio.gitlens-14.2.1-universal/dist/webviews/media/contributors-view.webp /home/dataiku/workspace/code_studio-resources/vscode-extensions/eamodio.gitlens-14.2.1-universal/dist/webviews/media/current-line-blame-on+pr.webp /home/dataiku/workspace/code_studio-resources/vscode-extensions/eamodio.gitlens-14.2.1-universal/dist/webviews/media/current-line-blame-on-scrollable.webp /home/dataiku/workspace/code_studio-resources/vscode-extensions/eamodio.gitlens-14.2.1-universal/dist/webviews/media/current-line-blame-on.webp /home/dataiku/workspace/code_studio-resources/vscode-extensions/eamodio.gitlens-14.2.1-universal/dist/webviews/media/current-line-blame.webp /home/dataiku/workspace/code_studio-resources/vscode-extensions/eamodio.gitlens-14.2.1-universal/dist/webviews/media/file-history-view-avatars.webp /home/dataiku/workspace/code_studio-resources/vscode-extensions/eamodio.gitlens-14.2.1-universal/dist/webviews/media/file-history-view.webp /home/dataiku/workspace/code_studio-resources/vscode-extensions/eamodio.gitlens-14.2.1-universal/dist/webviews/media/gitlens-backdrop-opacity.webp /home/dataiku/workspace/code_studio-resources/vscode-extensions/eamodio.gitlens-14.2.1-universal/dist/webviews/media/gitlens-backdrop.webp /home/dataiku/workspace/code_studio-resources/vscode-extensions/eamodio.gitlens-14.2.1-universal/dist/webviews/media/gitlens-logo.webp /home/dataiku/workspace/code_studio-resources/vscode-extensions/eamodio.gitlens-14.2.1-universal/dist/webviews/media/gitlens-tutorial-banner-400.webp /home/dataiku/workspace/code_studio-resources/vscode-extensions/eamodio.gitlens-14.2.1-universal/dist/webviews/media/gitlens-tutorial-banner.webp /home/dataiku/workspace/code_studio-resources/vscode-extensions/eamodio.gitlens-14.2.1-universal/dist/webviews/media/heatmap-gutter.webp /home/dataiku/workspace/code_studio-resources/vscode-extensions/eamodio.gitlens-14.2.1-universal/dist/webviews/media/heatmap-scrollbar.webp /home/dataiku/workspace/code_studio-resources/vscode-extensions/eamodio.gitlens-14.2.1-universal/dist/webviews/media/heatmap.webp /home/dataiku/workspace/code_studio-resources/vscode-extensions/eamodio.gitlens-14.2.1-universal/dist/webviews/media/hovers-annotations-compact.webp /home/dataiku/workspace/code_studio-resources/vscode-extensions/eamodio.gitlens-14.2.1-universal/dist/webviews/media/hovers-annotations-currentLine-on.webp /home/dataiku/workspace/code_studio-resources/vscode-extensions/eamodio.gitlens-14.2.1-universal/dist/webviews/media/hovers-annotations.webp /home/dataiku/workspace/code_studio-resources/vscode-extensions/eamodio.gitlens-14.2.1-universal/dist/webviews/media/hovers-autolink.webp /home/dataiku/workspace/code_studio-resources/vscode-extensions/eamodio.gitlens-14.2.1-universal/dist/webviews/media/hovers-changes.webp /home/dataiku/workspace/code_studio-resources/vscode-extensions/eamodio.gitlens-14.2.1-universal/dist/webviews/media/hovers-currentLine-on+pr.webp /home/dataiku/workspace/code_studio-resources/vscode-extensions/eamodio.gitlens-14.2.1-universal/dist/webviews/media/hovers-currentLine-on.webp /home/dataiku/workspace/code_studio-resources/vscode-extensions/eamodio.gitlens-14.2.1-universal/dist/webviews/media/hovers-currentLine.webp /home/dataiku/workspace/code_studio-resources/vscode-extensions/eamodio.gitlens-14.2.1-universal/dist/webviews/media/hovers-details+changes.webp /home/dataiku/workspace/code_studio-resources/vscode-extensions/eamodio.gitlens-14.2.1-universal/dist/webviews/media/hovers-details+pr+changes.webp /home/dataiku/workspace/code_studio-resources/vscode-extensions/eamodio.gitlens-14.2.1-universal/dist/webviews/media/hovers-details+pr.webp /home/dataiku/workspace/code_studio-resources/vscode-extensions/eamodio.gitlens-14.2.1-universal/dist/webviews/media/hovers-details.webp /home/dataiku/workspace/code_studio-resources/vscode-extensions/eamodio.gitlens-14.2.1-universal/dist/webviews/media/line-history-view-avatars.webp /home/dataiku/workspace/code_studio-resources/vscode-extensions/eamodio.gitlens-14.2.1-universal/dist/webviews/media/line-history-view.webp /home/dataiku/workspace/code_studio-resources/vscode-extensions/eamodio.gitlens-14.2.1-universal/dist/webviews/media/modes-status-bar-left.webp /home/dataiku/workspace/code_studio-resources/vscode-extensions/eamodio.gitlens-14.2.1-universal/dist/webviews/media/modes-status-bar-right.webp /home/dataiku/workspace/code_studio-resources/vscode-extensions/eamodio.gitlens-14.2.1-universal/dist/webviews/media/play-button-dark.webp /home/dataiku/workspace/code_studio-resources/vscode-extensions/eamodio.gitlens-14.2.1-universal/dist/webviews/media/play-button.webp /home/dataiku/workspace/code_studio-resources/vscode-extensions/eamodio.gitlens-14.2.1-universal/dist/webviews/media/plus-commit-graph-illustrated.webp /home/dataiku/workspace/code_studio-resources/vscode-extensions/eamodio.gitlens-14.2.1-universal/dist/webviews/media/plus-focus-view-preview.webp /home/dataiku/workspace/code_studio-resources/vscode-extensions/eamodio.gitlens-14.2.1-universal/dist/webviews/media/plus-visual-file-history-illustrated.webp /home/dataiku/workspace/code_studio-resources/vscode-extensions/eamodio.gitlens-14.2.1-universal/dist/webviews/media/plus-worktrees-illustrated.webp /home/dataiku/workspace/code_studio-resources/vscode-extensions/eamodio.gitlens-14.2.1-universal/dist/webviews/media/rebase-editor.webp /home/dataiku/workspace/code_studio-resources/vscode-extensions/eamodio.gitlens-14.2.1-universal/dist/webviews/media/remotes-view-pr.webp /home/dataiku/workspace/code_studio-resources/vscode-extensions/eamodio.gitlens-14.2.1-universal/dist/webviews/media/remotes-view.webp /home/dataiku/workspace/code_studio-resources/vscode-extensions/eamodio.gitlens-14.2.1-universal/dist/webviews/media/repositories-view.webp /home/dataiku/workspace/code_studio-resources/vscode-extensions/eamodio.gitlens-14.2.1-universal/dist/webviews/media/search-and-compare-view.webp /home/dataiku/workspace/code_studio-resources/vscode-extensions/eamodio.gitlens-14.2.1-universal/dist/webviews/media/stashes-view-auto.webp /home/dataiku/workspace/code_studio-resources/vscode-extensions/eamodio.gitlens-14.2.1-universal/dist/webviews/media/stashes-view-tree.webp /home/dataiku/workspace/code_studio-resources/vscode-extensions/eamodio.gitlens-14.2.1-universal/dist/webviews/media/status-bar-left+pr.webp /home/dataiku/workspace/code_studio-resources/vscode-extensions/eamodio.gitlens-14.2.1-universal/dist/webviews/media/status-bar-left.webp /home/dataiku/workspace/code_studio-resources/vscode-extensions/eamodio.gitlens-14.2.1-universal/dist/webviews/media/status-bar-right+pr.webp /home/dataiku/workspace/code_studio-resources/vscode-extensions/eamodio.gitlens-14.2.1-universal/dist/webviews/media/status-bar-right.webp /home/dataiku/workspace/code_studio-resources/vscode-extensions/eamodio.gitlens-14.2.1-universal/dist/webviews/media/status-bar.webp /home/dataiku/workspace/code_studio-resources/vscode-extensions/eamodio.gitlens-14.2.1-universal/dist/webviews/media/tags-view-list.webp /home/dataiku/workspace/code_studio-resources/vscode-extensions/eamodio.gitlens-14.2.1-universal/dist/webviews/media/tags-view-tree.webp /home/dataiku/workspace/code_studio-resources/vscode-extensions/eamodio.gitlens-14.2.1-universal/dist/webviews/media/views-layout-gitlens.webp /home/dataiku/workspace/code_studio-resources/vscode-extensions/eamodio.gitlens-14.2.1-universal/dist/webviews/media/views-layout-scm.webp /home/dataiku/workspace/code_studio-resources/vscode-extensions/eamodio.gitlens-14.2.1-universal/dist/webviews/media/worktrees-view-compare+pr.webp /home/dataiku/workspace/code_studio-resources/vscode-extensions/eamodio.gitlens-14.2.1-universal/dist/webviews/media/worktrees-view-compare.webp /home/dataiku/workspace/code_studio-resources/vscode-extensions/eamodio.gitlens-14.2.1-universal/dist/webviews/media/worktrees-view-pr.webp /home/dataiku/workspace/code_studio-resources/vscode-extensions/eamodio.gitlens-14.2.1-universal/dist/webviews/media/worktrees-view.webp /home/dataiku/workspace/code_studio-resources/vscode-extensions/eamodio.gitlens-14.2.1-universal/dist/webviews/rebase.html /home/dataiku/workspace/code_studio-resources/vscode-extensions/eamodio.gitlens-14.2.1-universal/dist/webviews/rebase.js /home/dataiku/workspace/code_studio-resources/vscode-extensions/eamodio.gitlens-14.2.1-universal/dist/webviews/settings.html /home/dataiku/workspace/code_studio-resources/vscode-extensions/eamodio.gitlens-14.2.1-universal/dist/webviews/settings.js /home/dataiku/workspace/code_studio-resources/vscode-extensions/eamodio.gitlens-14.2.1-universal/dist/webviews/timeline.html /home/dataiku/workspace/code_studio-resources/vscode-extensions/eamodio.gitlens-14.2.1-universal/dist/webviews/timeline.js /home/dataiku/workspace/code_studio-resources/vscode-extensions/eamodio.gitlens-14.2.1-universal/dist/webviews/welcome.html /home/dataiku/workspace/code_studio-resources/vscode-extensions/eamodio.gitlens-14.2.1-universal/dist/webviews/welcome.js /home/dataiku/workspace/code_studio-resources/vscode-extensions/eamodio.gitlens-14.2.1-universal/images/dark/icon-activity.svg /home/dataiku/workspace/code_studio-resources/vscode-extensions/eamodio.gitlens-14.2.1-universal/images/dark/icon-azdo.svg /home/dataiku/workspace/code_studio-resources/vscode-extensions/eamodio.gitlens-14.2.1-universal/images/dark/icon-bitbucket.svg /home/dataiku/workspace/code_studio-resources/vscode-extensions/eamodio.gitlens-14.2.1-universal/images/dark/icon-branch-green.svg /home/dataiku/workspace/code_studio-resources/vscode-extensions/eamodio.gitlens-14.2.1-universal/images/dark/icon-branch-red.svg /home/dataiku/workspace/code_studio-resources/vscode-extensions/eamodio.gitlens-14.2.1-universal/images/dark/icon-branch-yellow.svg /home/dataiku/workspace/code_studio-resources/vscode-extensions/eamodio.gitlens-14.2.1-universal/images/dark/icon-branch.svg /home/dataiku/workspace/code_studio-resources/vscode-extensions/eamodio.gitlens-14.2.1-universal/images/dark/icon-check.svg /home/dataiku/workspace/code_studio-resources/vscode-extensions/eamodio.gitlens-14.2.1-universal/images/dark/icon-checkout.svg /home/dataiku/workspace/code_studio-resources/vscode-extensions/eamodio.gitlens-14.2.1-universal/images/dark/icon-commit-horizontal.svg /home/dataiku/workspace/code_studio-resources/vscode-extensions/eamodio.gitlens-14.2.1-universal/images/dark/icon-compare-ref-working.svg /home/dataiku/workspace/code_studio-resources/vscode-extensions/eamodio.gitlens-14.2.1-universal/images/dark/icon-diff.svg /home/dataiku/workspace/code_studio-resources/vscode-extensions/eamodio.gitlens-14.2.1-universal/images/dark/icon-gerrit.svg /home/dataiku/workspace/code_studio-resources/vscode-extensions/eamodio.gitlens-14.2.1-universal/images/dark/icon-git-orange.svg /home/dataiku/workspace/code_studio-resources/vscode-extensions/eamodio.gitlens-14.2.1-universal/images/dark/icon-git-progress.svg /home/dataiku/workspace/code_studio-resources/vscode-extensions/eamodio.gitlens-14.2.1-universal/images/dark/icon-git.svg /home/dataiku/workspace/code_studio-resources/vscode-extensions/eamodio.gitlens-14.2.1-universal/images/dark/icon-gitea.svg /home/dataiku/workspace/code_studio-resources/vscode-extensions/eamodio.gitlens-14.2.1-universal/images/dark/icon-github.svg /home/dataiku/workspace/code_studio-resources/vscode-extensions/eamodio.gitlens-14.2.1-universal/images/dark/icon-gitlab.svg /home/dataiku/workspace/code_studio-resources/vscode-extensions/eamodio.gitlens-14.2.1-universal/images/dark/icon-match-all-selected.svg /home/dataiku/workspace/code_studio-resources/vscode-extensions/eamodio.gitlens-14.2.1-universal/images/dark/icon-match-all.svg /home/dataiku/workspace/code_studio-resources/vscode-extensions/eamodio.gitlens-14.2.1-universal/images/dark/icon-match-case-selected.svg /home/dataiku/workspace/code_studio-resources/vscode-extensions/eamodio.gitlens-14.2.1-universal/images/dark/icon-match-case.svg /home/dataiku/workspace/code_studio-resources/vscode-extensions/eamodio.gitlens-14.2.1-universal/images/dark/icon-match-regex-selected.svg /home/dataiku/workspace/code_studio-resources/vscode-extensions/eamodio.gitlens-14.2.1-universal/images/dark/icon-match-regex.svg /home/dataiku/workspace/code_studio-resources/vscode-extensions/eamodio.gitlens-14.2.1-universal/images/dark/icon-next-commit.svg /home/dataiku/workspace/code_studio-resources/vscode-extensions/eamodio.gitlens-14.2.1-universal/images/dark/icon-no-check.svg /home/dataiku/workspace/code_studio-resources/vscode-extensions/eamodio.gitlens-14.2.1-universal/images/dark/icon-open-revision.svg /home/dataiku/workspace/code_studio-resources/vscode-extensions/eamodio.gitlens-14.2.1-universal/images/dark/icon-prev-commit-menu.svg /home/dataiku/workspace/code_studio-resources/vscode-extensions/eamodio.gitlens-14.2.1-universal/images/dark/icon-prev-commit.svg /home/dataiku/workspace/code_studio-resources/vscode-extensions/eamodio.gitlens-14.2.1-universal/images/dark/icon-push-force.svg /home/dataiku/workspace/code_studio-resources/vscode-extensions/eamodio.gitlens-14.2.1-universal/images/dark/icon-repo-blue.svg /home/dataiku/workspace/code_studio-resources/vscode-extensions/eamodio.gitlens-14.2.1-universal/images/dark/icon-repo-cloud-blue.svg /home/dataiku/workspace/code_studio-resources/vscode-extensions/eamodio.gitlens-14.2.1-universal/images/dark/icon-repo-cloud-green.svg /home/dataiku/workspace/code_studio-resources/vscode-extensions/eamodio.gitlens-14.2.1-universal/images/dark/icon-repo-cloud-red.svg /home/dataiku/workspace/code_studio-resources/vscode-extensions/eamodio.gitlens-14.2.1-universal/images/dark/icon-repo-cloud-yellow.svg /home/dataiku/workspace/code_studio-resources/vscode-extensions/eamodio.gitlens-14.2.1-universal/images/dark/icon-repo-cloud.svg /home/dataiku/workspace/code_studio-resources/vscode-extensions/eamodio.gitlens-14.2.1-universal/images/dark/icon-repo-green.svg /home/dataiku/workspace/code_studio-resources/vscode-extensions/eamodio.gitlens-14.2.1-universal/images/dark/icon-repo-red.svg /home/dataiku/workspace/code_studio-resources/vscode-extensions/eamodio.gitlens-14.2.1-universal/images/dark/icon-repo-solid-blue.svg /home/dataiku/workspace/code_studio-resources/vscode-extensions/eamodio.gitlens-14.2.1-universal/images/dark/icon-repo-solid-green.svg /home/dataiku/workspace/code_studio-resources/vscode-extensions/eamodio.gitlens-14.2.1-universal/images/dark/icon-repo-solid-red.svg /home/dataiku/workspace/code_studio-resources/vscode-extensions/eamodio.gitlens-14.2.1-universal/images/dark/icon-repo-solid-yellow.svg /home/dataiku/workspace/code_studio-resources/vscode-extensions/eamodio.gitlens-14.2.1-universal/images/dark/icon-repo-solid.svg /home/dataiku/workspace/code_studio-resources/vscode-extensions/eamodio.gitlens-14.2.1-universal/images/dark/icon-repo-yellow.svg /home/dataiku/workspace/code_studio-resources/vscode-extensions/eamodio.gitlens-14.2.1-universal/images/dark/icon-repo.svg /home/dataiku/workspace/code_studio-resources/vscode-extensions/eamodio.gitlens-14.2.1-universal/images/dark/icon-stash-pop.svg /home/dataiku/workspace/code_studio-resources/vscode-extensions/eamodio.gitlens-14.2.1-universal/images/dark/icon-stash-save.svg /home/dataiku/workspace/code_studio-resources/vscode-extensions/eamodio.gitlens-14.2.1-universal/images/dark/icon-stash.svg /home/dataiku/workspace/code_studio-resources/vscode-extensions/eamodio.gitlens-14.2.1-universal/images/dark/icon-status-added.svg /home/dataiku/workspace/code_studio-resources/vscode-extensions/eamodio.gitlens-14.2.1-universal/images/dark/icon-status-conflict.svg /home/dataiku/workspace/code_studio-resources/vscode-extensions/eamodio.gitlens-14.2.1-universal/images/dark/icon-status-copied.svg /home/dataiku/workspace/code_studio-resources/vscode-extensions/eamodio.gitlens-14.2.1-universal/images/dark/icon-status-deleted.svg /home/dataiku/workspace/code_studio-resources/vscode-extensions/eamodio.gitlens-14.2.1-universal/images/dark/icon-status-ignored.svg /home/dataiku/workspace/code_studio-resources/vscode-extensions/eamodio.gitlens-14.2.1-universal/images/dark/icon-status-modified.svg /home/dataiku/workspace/code_studio-resources/vscode-extensions/eamodio.gitlens-14.2.1-universal/images/dark/icon-status-renamed.svg /home/dataiku/workspace/code_studio-resources/vscode-extensions/eamodio.gitlens-14.2.1-universal/images/dark/icon-status-unknown.svg /home/dataiku/workspace/code_studio-resources/vscode-extensions/eamodio.gitlens-14.2.1-universal/images/dark/icon-status-untracked.svg /home/dataiku/workspace/code_studio-resources/vscode-extensions/eamodio.gitlens-14.2.1-universal/images/dark/icon-tag-selected.svg /home/dataiku/workspace/code_studio-resources/vscode-extensions/eamodio.gitlens-14.2.1-universal/images/dark/icon-unfold.svg /home/dataiku/workspace/code_studio-resources/vscode-extensions/eamodio.gitlens-14.2.1-universal/images/dark/icon-unplug.svg /home/dataiku/workspace/code_studio-resources/vscode-extensions/eamodio.gitlens-14.2.1-universal/images/dark/icon-view-auto.svg /home/dataiku/workspace/code_studio-resources/vscode-extensions/eamodio.gitlens-14.2.1-universal/images/docs/branches-view.png /home/dataiku/workspace/code_studio-resources/vscode-extensions/eamodio.gitlens-14.2.1-universal/images/docs/code-lens.png /home/dataiku/workspace/code_studio-resources/vscode-extensions/eamodio.gitlens-14.2.1-universal/images/docs/commit-details-view.png /home/dataiku/workspace/code_studio-resources/vscode-extensions/eamodio.gitlens-14.2.1-universal/images/docs/commit-graph-illustrated.png /home/dataiku/workspace/code_studio-resources/vscode-extensions/eamodio.gitlens-14.2.1-universal/images/docs/commits-view-merge.png [229ms]
2024-03-07 11:30:41.484 [info] > git add -A -- /home/dataiku/workspace/code_studio-resources/vscode-extensions/eamodio.gitlens-14.2.1-universal/images/docs/commits-view-rebase.png /home/dataiku/workspace/code_studio-resources/vscode-extensions/eamodio.gitlens-14.2.1-universal/images/docs/commits-view.png /home/dataiku/workspace/code_studio-resources/vscode-extensions/eamodio.gitlens-14.2.1-universal/images/docs/contributors-view.png /home/dataiku/workspace/code_studio-resources/vscode-extensions/eamodio.gitlens-14.2.1-universal/images/docs/current-line-blame.png /home/dataiku/workspace/code_studio-resources/vscode-extensions/eamodio.gitlens-14.2.1-universal/images/docs/file-history-view-merge-conflict.png /home/dataiku/workspace/code_studio-resources/vscode-extensions/eamodio.gitlens-14.2.1-universal/images/docs/file-history-view.png /home/dataiku/workspace/code_studio-resources/vscode-extensions/eamodio.gitlens-14.2.1-universal/images/docs/focus-view.png /home/dataiku/workspace/code_studio-resources/vscode-extensions/eamodio.gitlens-14.2.1-universal/images/docs/get-started-video.png /home/dataiku/workspace/code_studio-resources/vscode-extensions/eamodio.gitlens-14.2.1-universal/images/docs/git-command-palette.png /home/dataiku/workspace/code_studio-resources/vscode-extensions/eamodio.gitlens-14.2.1-universal/images/docs/gitlens-logo-anybg.png /home/dataiku/workspace/code_studio-resources/vscode-extensions/eamodio.gitlens-14.2.1-universal/images/docs/gitlens-logo-dark.png /home/dataiku/workspace/code_studio-resources/vscode-extensions/eamodio.gitlens-14.2.1-universal/images/docs/gitlens-logo.png /home/dataiku/workspace/code_studio-resources/vscode-extensions/eamodio.gitlens-14.2.1-universal/images/docs/gutter-blame.png /home/dataiku/workspace/code_studio-resources/vscode-extensions/eamodio.gitlens-14.2.1-universal/images/docs/gutter-changes.png /home/dataiku/workspace/code_studio-resources/vscode-extensions/eamodio.gitlens-14.2.1-universal/images/docs/gutter-heatmap.png /home/dataiku/workspace/code_studio-resources/vscode-extensions/eamodio.gitlens-14.2.1-universal/images/docs/gutter-toggle.png /home/dataiku/workspace/code_studio-resources/vscode-extensions/eamodio.gitlens-14.2.1-universal/images/docs/hosting-integrations.png /home/dataiku/workspace/code_studio-resources/vscode-extensions/eamodio.gitlens-14.2.1-universal/images/docs/hovers-annotations-changes.png /home/dataiku/workspace/code_studio-resources/vscode-extensions/eamodio.gitlens-14.2.1-universal/images/docs/hovers-annotations-details.png /home/dataiku/workspace/code_studio-resources/vscode-extensions/eamodio.gitlens-14.2.1-universal/images/docs/hovers-annotations.png /home/dataiku/workspace/code_studio-resources/vscode-extensions/eamodio.gitlens-14.2.1-universal/images/docs/hovers-current-line-changes.png /home/dataiku/workspace/code_studio-resources/vscode-extensions/eamodio.gitlens-14.2.1-universal/images/docs/hovers-current-line-details.png /home/dataiku/workspace/code_studio-resources/vscode-extensions/eamodio.gitlens-14.2.1-universal/images/docs/hovers-current-line.png /home/dataiku/workspace/code_studio-resources/vscode-extensions/eamodio.gitlens-14.2.1-universal/images/docs/line-history-view.png /home/dataiku/workspace/code_studio-resources/vscode-extensions/eamodio.gitlens-14.2.1-universal/images/docs/menu-branch-history.png /home/dataiku/workspace/code_studio-resources/vscode-extensions/eamodio.gitlens-14.2.1-universal/images/docs/menu-commit-details.png /home/dataiku/workspace/code_studio-resources/vscode-extensions/eamodio.gitlens-14.2.1-universal/images/docs/menu-commit-file-details.png /home/dataiku/workspace/code_studio-resources/vscode-extensions/eamodio.gitlens-14.2.1-universal/images/docs/menu-commit-search.png /home/dataiku/workspace/code_studio-resources/vscode-extensions/eamodio.gitlens-14.2.1-universal/images/docs/menu-file-history.png /home/dataiku/workspace/code_studio-resources/vscode-extensions/eamodio.gitlens-14.2.1-universal/images/docs/menu-repo-status.png /home/dataiku/workspace/code_studio-resources/vscode-extensions/eamodio.gitlens-14.2.1-universal/images/docs/menu-stash-details.png /home/dataiku/workspace/code_studio-resources/vscode-extensions/eamodio.gitlens-14.2.1-universal/images/docs/menu-stash-list.png /home/dataiku/workspace/code_studio-resources/vscode-extensions/eamodio.gitlens-14.2.1-universal/images/docs/menus-example.png /home/dataiku/workspace/code_studio-resources/vscode-extensions/eamodio.gitlens-14.2.1-universal/images/docs/menus.png /home/dataiku/workspace/code_studio-resources/vscode-extensions/eamodio.gitlens-14.2.1-universal/images/docs/rebase.gif /home/dataiku/workspace/code_studio-resources/vscode-extensions/eamodio.gitlens-14.2.1-universal/images/docs/remotes-view.png /home/dataiku/workspace/code_studio-resources/vscode-extensions/eamodio.gitlens-14.2.1-universal/images/docs/repositories-view.png /home/dataiku/workspace/code_studio-resources/vscode-extensions/eamodio.gitlens-14.2.1-universal/images/docs/revision-navigation.gif /home/dataiku/workspace/code_studio-resources/vscode-extensions/eamodio.gitlens-14.2.1-universal/images/docs/search-and-compare-view.png /home/dataiku/workspace/code_studio-resources/vscode-extensions/eamodio.gitlens-14.2.1-universal/images/docs/settings.png /home/dataiku/workspace/code_studio-resources/vscode-extensions/eamodio.gitlens-14.2.1-universal/images/docs/side-bar-views.png /home/dataiku/workspace/code_studio-resources/vscode-extensions/eamodio.gitlens-14.2.1-universal/images/docs/stashes-view.png /home/dataiku/workspace/code_studio-resources/vscode-extensions/eamodio.gitlens-14.2.1-universal/images/docs/status-bar.png /home/dataiku/workspace/code_studio-resources/vscode-extensions/eamodio.gitlens-14.2.1-universal/images/docs/tags-view.png /home/dataiku/workspace/code_studio-resources/vscode-extensions/eamodio.gitlens-14.2.1-universal/images/docs/terminal-links.gif /home/dataiku/workspace/code_studio-resources/vscode-extensions/eamodio.gitlens-14.2.1-universal/images/docs/visual-file-history-illustrated.png /home/dataiku/workspace/code_studio-resources/vscode-extensions/eamodio.gitlens-14.2.1-universal/images/docs/whats-new-button.png /home/dataiku/workspace/code_studio-resources/vscode-extensions/eamodio.gitlens-14.2.1-universal/images/docs/worktrees-illustrated.png /home/dataiku/workspace/code_studio-resources/vscode-extensions/eamodio.gitlens-14.2.1-universal/images/gitlens-icon.png /home/dataiku/workspace/code_studio-resources/vscode-extensions/eamodio.gitlens-14.2.1-universal/images/light/icon-activity.svg /home/dataiku/workspace/code_studio-resources/vscode-extensions/eamodio.gitlens-14.2.1-universal/images/light/icon-azdo.svg /home/dataiku/workspace/code_studio-resources/vscode-extensions/eamodio.gitlens-14.2.1-universal/images/light/icon-bitbucket.svg /home/dataiku/workspace/code_studio-resources/vscode-extensions/eamodio.gitlens-14.2.1-universal/images/light/icon-branch-green.svg /home/dataiku/workspace/code_studio-resources/vscode-extensions/eamodio.gitlens-14.2.1-universal/images/light/icon-branch-red.svg /home/dataiku/workspace/code_studio-resources/vscode-extensions/eamodio.gitlens-14.2.1-universal/images/light/icon-branch-yellow.svg /home/dataiku/workspace/code_studio-resources/vscode-extensions/eamodio.gitlens-14.2.1-universal/images/light/icon-branch.svg /home/dataiku/workspace/code_studio-resources/vscode-extensions/eamodio.gitlens-14.2.1-universal/images/light/icon-check.svg /home/dataiku/workspace/code_studio-resources/vscode-extensions/eamodio.gitlens-14.2.1-universal/images/light/icon-checkout.svg /home/dataiku/workspace/code_studio-resources/vscode-extensions/eamodio.gitlens-14.2.1-universal/images/light/icon-commit-horizontal.svg /home/dataiku/workspace/code_studio-resources/vscode-extensions/eamodio.gitlens-14.2.1-universal/images/light/icon-compare-ref-working.svg /home/dataiku/workspace/code_studio-resources/vscode-extensions/eamodio.gitlens-14.2.1-universal/images/light/icon-diff.svg /home/dataiku/workspace/code_studio-resources/vscode-extensions/eamodio.gitlens-14.2.1-universal/images/light/icon-gerrit.svg /home/dataiku/workspace/code_studio-resources/vscode-extensions/eamodio.gitlens-14.2.1-universal/images/light/icon-git-orange.svg /home/dataiku/workspace/code_studio-resources/vscode-extensions/eamodio.gitlens-14.2.1-universal/images/light/icon-git-progress.svg /home/dataiku/workspace/code_studio-resources/vscode-extensions/eamodio.gitlens-14.2.1-universal/images/light/icon-git.svg /home/dataiku/workspace/code_studio-resources/vscode-extensions/eamodio.gitlens-14.2.1-universal/images/light/icon-gitea.svg /home/dataiku/workspace/code_studio-resources/vscode-extensions/eamodio.gitlens-14.2.1-universal/images/light/icon-github.svg /home/dataiku/workspace/code_studio-resources/vscode-extensions/eamodio.gitlens-14.2.1-universal/images/light/icon-gitlab.svg /home/dataiku/workspace/code_studio-resources/vscode-extensions/eamodio.gitlens-14.2.1-universal/images/light/icon-match-all-selected.svg /home/dataiku/workspace/code_studio-resources/vscode-extensions/eamodio.gitlens-14.2.1-universal/images/light/icon-match-all.svg /home/dataiku/workspace/code_studio-resources/vscode-extensions/eamodio.gitlens-14.2.1-universal/images/light/icon-match-case-selected.svg /home/dataiku/workspace/code_studio-resources/vscode-extensions/eamodio.gitlens-14.2.1-universal/images/light/icon-match-case.svg /home/dataiku/workspace/code_studio-resources/vscode-extensions/eamodio.gitlens-14.2.1-universal/images/light/icon-match-regex-selected.svg /home/dataiku/workspace/code_studio-resources/vscode-extensions/eamodio.gitlens-14.2.1-universal/images/light/icon-match-regex.svg /home/dataiku/workspace/code_studio-resources/vscode-extensions/eamodio.gitlens-14.2.1-universal/images/light/icon-next-commit.svg /home/dataiku/workspace/code_studio-resources/vscode-extensions/eamodio.gitlens-14.2.1-universal/images/light/icon-no-check.svg /home/dataiku/workspace/code_studio-resources/vscode-extensions/eamodio.gitlens-14.2.1-universal/images/light/icon-open-revision.svg /home/dataiku/workspace/code_studio-resources/vscode-extensions/eamodio.gitlens-14.2.1-universal/images/light/icon-prev-commit-menu.svg /home/dataiku/workspace/code_studio-resources/vscode-extensions/eamodio.gitlens-14.2.1-universal/images/light/icon-prev-commit.svg /home/dataiku/workspace/code_studio-resources/vscode-extensions/eamodio.gitlens-14.2.1-universal/images/light/icon-push-force.svg /home/dataiku/workspace/code_studio-resources/vscode-extensions/eamodio.gitlens-14.2.1-universal/images/light/icon-repo-blue.svg /home/dataiku/workspace/code_studio-resources/vscode-extensions/eamodio.gitlens-14.2.1-universal/images/light/icon-repo-cloud-blue.svg /home/dataiku/workspace/code_studio-resources/vscode-extensions/eamodio.gitlens-14.2.1-universal/images/light/icon-repo-cloud-green.svg /home/dataiku/workspace/code_studio-resources/vscode-extensions/eamodio.gitlens-14.2.1-universal/images/light/icon-repo-cloud-red.svg /home/dataiku/workspace/code_studio-resources/vscode-extensions/eamodio.gitlens-14.2.1-universal/images/light/icon-repo-cloud-yellow.svg /home/dataiku/workspace/code_studio-resources/vscode-extensions/eamodio.gitlens-14.2.1-universal/images/light/icon-repo-cloud.svg /home/dataiku/workspace/code_studio-resources/vscode-extensions/eamodio.gitlens-14.2.1-universal/images/light/icon-repo-green.svg /home/dataiku/workspace/code_studio-resources/vscode-extensions/eamodio.gitlens-14.2.1-universal/images/light/icon-repo-red.svg /home/dataiku/workspace/code_studio-resources/vscode-extensions/eamodio.gitlens-14.2.1-universal/images/light/icon-repo-solid-blue.svg /home/dataiku/workspace/code_studio-resources/vscode-extensions/eamodio.gitlens-14.2.1-universal/images/light/icon-repo-solid-green.svg /home/dataiku/workspace/code_studio-resources/vscode-extensions/eamodio.gitlens-14.2.1-universal/images/light/icon-repo-solid-red.svg /home/dataiku/workspace/code_studio-resources/vscode-extensions/eamodio.gitlens-14.2.1-universal/images/light/icon-repo-solid-yellow.svg /home/dataiku/workspace/code_studio-resources/vscode-extensions/eamodio.gitlens-14.2.1-universal/images/light/icon-repo-solid.svg /home/dataiku/workspace/code_studio-resources/vscode-extensions/eamodio.gitlens-14.2.1-universal/images/light/icon-repo-yellow.svg /home/dataiku/workspace/code_studio-resources/vscode-extensions/eamodio.gitlens-14.2.1-universal/images/light/icon-repo.svg /home/dataiku/workspace/code_studio-resources/vscode-extensions/eamodio.gitlens-14.2.1-universal/images/light/icon-stash-pop.svg /home/dataiku/workspace/code_studio-resources/vscode-extensions/eamodio.gitlens-14.2.1-universal/images/light/icon-stash-save.svg /home/dataiku/workspace/code_studio-resources/vscode-extensions/eamodio.gitlens-14.2.1-universal/images/light/icon-stash.svg /home/dataiku/workspace/code_studio-resources/vscode-extensions/eamodio.gitlens-14.2.1-universal/images/light/icon-status-added.svg /home/dataiku/workspace/code_studio-resources/vscode-extensions/eamodio.gitlens-14.2.1-universal/images/light/icon-status-conflict.svg /home/dataiku/workspace/code_studio-resources/vscode-extensions/eamodio.gitlens-14.2.1-universal/images/light/icon-status-copied.svg /home/dataiku/workspace/code_studio-resources/vscode-extensions/eamodio.gitlens-14.2.1-universal/images/light/icon-status-deleted.svg /home/dataiku/workspace/code_studio-resources/vscode-extensions/eamodio.gitlens-14.2.1-universal/images/light/icon-status-ignored.svg /home/dataiku/workspace/code_studio-resources/vscode-extensions/eamodio.gitlens-14.2.1-universal/images/light/icon-status-modified.svg /home/dataiku/workspace/code_studio-resources/vscode-extensions/eamodio.gitlens-14.2.1-universal/images/light/icon-status-renamed.svg /home/dataiku/workspace/code_studio-resources/vscode-extensions/eamodio.gitlens-14.2.1-universal/images/light/icon-status-unknown.svg /home/dataiku/workspace/code_studio-resources/vscode-extensions/eamodio.gitlens-14.2.1-universal/images/light/icon-status-untracked.svg /home/dataiku/workspace/code_studio-resources/vscode-extensions/eamodio.gitlens-14.2.1-universal/images/light/icon-tag-selected.svg /home/dataiku/workspace/code_studio-resources/vscode-extensions/eamodio.gitlens-14.2.1-universal/images/light/icon-unfold.svg /home/dataiku/workspace/code_studio-resources/vscode-extensions/eamodio.gitlens-14.2.1-universal/images/light/icon-unplug.svg /home/dataiku/workspace/code_studio-resources/vscode-extensions/eamodio.gitlens-14.2.1-universal/images/light/icon-view-auto.svg /home/dataiku/workspace/code_studio-resources/vscode-extensions/eamodio.gitlens-14.2.1-universal/images/snowman.png /home/dataiku/workspace/code_studio-resources/vscode-extensions/eamodio.gitlens-14.2.1-universal/package.json /home/dataiku/workspace/code_studio-resources/vscode-extensions/eamodio.gitlens-14.2.1-universal/walkthroughs/welcome/additional-features.md /home/dataiku/workspace/code_studio-resources/vscode-extensions/eamodio.gitlens-14.2.1-universal/walkthroughs/welcome/blame.md /home/dataiku/workspace/code_studio-resources/vscode-extensions/eamodio.gitlens-14.2.1-universal/walkthroughs/welcome/commit-graph.svg /home/dataiku/workspace/code_studio-resources/vscode-extensions/eamodio.gitlens-14.2.1-universal/walkthroughs/welcome/file-annotations.md /home/dataiku/workspace/code_studio-resources/vscode-extensions/eamodio.gitlens-14.2.1-universal/walkthroughs/welcome/gitkraken-labs.png /home/dataiku/workspace/code_studio-resources/vscode-extensions/eamodio.gitlens-14.2.1-universal/walkthroughs/welcome/integrations.md /home/dataiku/workspace/code_studio-resources/vscode-extensions/eamodio.gitlens-14.2.1-universal/walkthroughs/welcome/labs.md /home/dataiku/workspace/code_studio-resources/vscode-extensions/eamodio.gitlens-14.2.1-universal/walkthroughs/welcome/preview.md /home/dataiku/workspace/code_studio-resources/vscode-extensions/eamodio.gitlens-14.2.1-universal/walkthroughs/welcome/revision-history.md /home/dataiku/workspace/code_studio-resources/vscode-extensions/eamodio.gitlens-14.2.1-universal/walkthroughs/welcome/services.md /home/dataiku/workspace/code_studio-resources/vscode-extensions/eamodio.gitlens-14.2.1-universal/walkthroughs/welcome/services.webp /home/dataiku/workspace/code_studio-resources/vscode-extensions/eamodio.gitlens-14.2.1-universal/walkthroughs/welcome/side-bars.md /home/dataiku/workspace/code_studio-resources/vscode-extensions/eamodio.gitlens-14.2.1-universal/walkthroughs/welcome/trial.md /home/dataiku/workspace/code_studio-resources/vscode-extensions/eamodio.gitlens-14.2.1-universal/walkthroughs/welcome/tutorial.md /home/dataiku/workspace/code_studio-resources/vscode-extensions/eamodio.gitlens-14.2.1-universal/walkthroughs/welcome/tutorial.png /home/dataiku/workspace/code_studio-resources/vscode-extensions/eamodio.gitlens-14.2.1-universal/walkthroughs/welcome/workspaces-focus.svg /home/dataiku/workspace/user-versioned/settings/code-server/CachedExtensionVSIXs/eamodio.gitlens-14.2.1-universal /home/dataiku/workspace/user-versioned/settings/code-server/User/History/-4c303f58/2MWY.json /home/dataiku/workspace/user-versioned/settings/code-server/logs/20240307T093540/exthost4/ms-python.python/Python Language Server.log /home/dataiku/workspace/user-versioned/settings/code-server/logs/20240307T093540/exthost4/ms-python.python/Python.log /home/dataiku/workspace/user-versioned/settings/code-server/logs/20240307T093540/exthost4/output_logging_20240307T112640/1-Python Test Log.log /home/dataiku/workspace/user-versioned/settings/code-server/logs/20240307T093540/exthost4/output_logging_20240307T112640/2-Jupyter.log /home/dataiku/workspace/user-versioned/settings/code-server/logs/20240307T093540/exthost4/output_logging_20240307T112640/3-GitLens.log /home/dataiku/workspace/user-versioned/settings/code-server/logs/20240307T093540/exthost4/remoteexthost.log /home/dataiku/workspace/user-versioned/settings/code-server/logs/20240307T093540/exthost4/vscode.git/Git.log /home/dataiku/workspace/user-versioned/settings/code-server/logs/20240307T093540/exthost4/vscode.github/GitHub.log [441ms]
2024-03-07 11:30:41.508 [info] > git config --get commit.template [10ms]
2024-03-07 11:30:41.510 [info] > git for-each-ref --format=%(refname)%00%(upstream:short)%00%(objectname)%00%(upstream:track)%00%(upstream:remotename)%00%(upstream:remoteref) refs/heads/develop refs/remotes/develop [2ms]
2024-03-07 11:30:41.547 [info] > git status -z -uall [29ms]
2024-03-07 11:30:42.312 [info] > git check-ignore -v -z --stdin [3ms]
2024-03-07 11:30:42.886 [info] > git ls-files --stage -- /home/dataiku/workspace/recipes/compute_analyticsbk_dataset.py [4ms]
2024-03-07 11:30:42.897 [info] > git cat-file -s 8d25ce339b00ebb6260267c9cd8e2089a5681765 [1ms]
2024-03-07 11:30:42.948 [info] > git show --textconv :recipes/compute_analyticsbk_dataset.py [2ms]
2024-03-07 11:30:43.705 [info] > git config --get commit.template [11ms]
2024-03-07 11:30:43.706 [info] > git for-each-ref --format=%(refname)%00%(upstream:short)%00%(objectname)%00%(upstream:track)%00%(upstream:remotename)%00%(upstream:remoteref) refs/heads/develop refs/remotes/develop [2ms]
2024-03-07 11:30:43.743 [info] > git status -z -uall [28ms]
2024-03-07 11:30:48.766 [info] > git config --get commit.template [2ms]
2024-03-07 11:30:48.777 [info] > git for-each-ref --format=%(refname)%00%(upstream:short)%00%(objectname)%00%(upstream:track)%00%(upstream:remotename)%00%(upstream:remoteref) refs/heads/develop refs/remotes/develop [2ms]
2024-03-07 11:30:48.815 [info] > git status -z -uall [30ms]
2024-03-07 11:30:53.899 [info] > git config --get commit.template [9ms]
2024-03-07 11:30:53.900 [info] > git for-each-ref --format=%(refname)%00%(upstream:short)%00%(objectname)%00%(upstream:track)%00%(upstream:remotename)%00%(upstream:remoteref) refs/heads/develop refs/remotes/develop [2ms]
2024-03-07 11:30:53.936 [info] > git status -z -uall [28ms]
2024-03-07 11:30:57.761 [info] > git push [1ms]
2024-03-07 11:30:57.761 [info] fatal: The current branch develop has no upstream branch.
To push the current branch and set the remote as upstream, use

    git push --set-upstream hello-world develop

To have this happen automatically for branches without a tracking
upstream, see 'push.autoSetupRemote' in 'git help config'.
2024-03-07 11:30:57.777 [info] > git config --get commit.template [8ms]
2024-03-07 11:30:57.778 [info] > git for-each-ref --format=%(refname)%00%(upstream:short)%00%(objectname)%00%(upstream:track)%00%(upstream:remotename)%00%(upstream:remoteref) refs/heads/develop refs/remotes/develop [1ms]
2024-03-07 11:30:57.814 [info] > git status -z -uall [29ms]
2024-03-07 11:30:58.963 [info] > git config --get commit.template [10ms]
2024-03-07 11:30:58.964 [info] > git for-each-ref --format=%(refname)%00%(upstream:short)%00%(objectname)%00%(upstream:track)%00%(upstream:remotename)%00%(upstream:remoteref) refs/heads/develop refs/remotes/develop [2ms]
2024-03-07 11:30:59.000 [info] > git status -z -uall [29ms]
2024-03-07 11:31:04.140 [info] > git push -u hello-world develop [199ms]
2024-03-07 11:31:04.140 [info] remote: Not Found
fatal: repository 'https://github.com/programata/' not found
2024-03-07 11:31:04.159 [info] > git config --get commit.template [9ms]
2024-03-07 11:31:04.160 [info] > git for-each-ref --format=%(refname)%00%(upstream:short)%00%(objectname)%00%(upstream:track)%00%(upstream:remotename)%00%(upstream:remoteref) refs/heads/develop refs/remotes/develop [2ms]
2024-03-07 11:31:04.194 [info] > git status -z -uall [28ms]
2024-03-07 11:31:04.218 [info] > git config --get commit.template [7ms]
2024-03-07 11:31:04.218 [info] > git for-each-ref --format=%(refname)%00%(upstream:short)%00%(objectname)%00%(upstream:track)%00%(upstream:remotename)%00%(upstream:remoteref) refs/heads/develop refs/remotes/develop [1ms]
2024-03-07 11:31:04.253 [info] > git status -z -uall [27ms]
2024-03-07 11:31:09.279 [info] > git config --get commit.template [9ms]
2024-03-07 11:31:09.280 [info] > git for-each-ref --format=%(refname)%00%(upstream:short)%00%(objectname)%00%(upstream:track)%00%(upstream:remotename)%00%(upstream:remoteref) refs/heads/develop refs/remotes/develop [2ms]
2024-03-07 11:31:09.315 [info] > git status -z -uall [28ms]
2024-03-07 11:31:14.337 [info] > git config --get commit.template [3ms]
2024-03-07 11:31:14.347 [info] > git for-each-ref --format=%(refname)%00%(upstream:short)%00%(objectname)%00%(upstream:track)%00%(upstream:remotename)%00%(upstream:remoteref) refs/heads/develop refs/remotes/develop [2ms]
2024-03-07 11:31:14.382 [info] > git status -z -uall [28ms]
2024-03-07 11:31:19.408 [info] > git config --get commit.template [9ms]
2024-03-07 11:31:19.409 [info] > git for-each-ref --format=%(refname)%00%(upstream:short)%00%(objectname)%00%(upstream:track)%00%(upstream:remotename)%00%(upstream:remoteref) refs/heads/develop refs/remotes/develop [1ms]
2024-03-07 11:31:19.445 [info] > git status -z -uall [28ms]
2024-03-07 11:31:28.909 [info] > git config --get commit.template [9ms]
2024-03-07 11:31:28.910 [info] > git for-each-ref --format=%(refname)%00%(upstream:short)%00%(objectname)%00%(upstream:track)%00%(upstream:remotename)%00%(upstream:remoteref) refs/heads/develop refs/remotes/develop [2ms]
2024-03-07 11:31:28.946 [info] > git status -z -uall [28ms]
2024-03-07 11:31:33.974 [info] > git config --get commit.template [10ms]
2024-03-07 11:31:33.975 [info] > git for-each-ref --format=%(refname)%00%(upstream:short)%00%(objectname)%00%(upstream:track)%00%(upstream:remotename)%00%(upstream:remoteref) refs/heads/develop refs/remotes/develop [2ms]
2024-03-07 11:31:34.012 [info] > git status -z -uall [29ms]
2024-03-07 11:31:39.044 [info] > git config --get commit.template [11ms]
2024-03-07 11:31:39.045 [info] > git for-each-ref --format=%(refname)%00%(upstream:short)%00%(objectname)%00%(upstream:track)%00%(upstream:remotename)%00%(upstream:remoteref) refs/heads/develop refs/remotes/develop [2ms]
2024-03-07 11:31:39.085 [info] > git status -z -uall [31ms]
2024-03-07 11:31:44.112 [info] > git config --get commit.template [9ms]
2024-03-07 11:31:44.113 [info] > git for-each-ref --format=%(refname)%00%(upstream:short)%00%(objectname)%00%(upstream:track)%00%(upstream:remotename)%00%(upstream:remoteref) refs/heads/develop refs/remotes/develop [2ms]
2024-03-07 11:31:44.148 [info] > git status -z -uall [28ms]
2024-03-07 11:31:49.175 [info] > git config --get commit.template [9ms]
2024-03-07 11:31:49.176 [info] > git for-each-ref --format=%(refname)%00%(upstream:short)%00%(objectname)%00%(upstream:track)%00%(upstream:remotename)%00%(upstream:remoteref) refs/heads/develop refs/remotes/develop [2ms]
2024-03-07 11:31:49.216 [info] > git status -z -uall [32ms]
2024-03-07 11:31:54.243 [info] > git config --get commit.template [9ms]
2024-03-07 11:31:54.244 [info] > git for-each-ref --format=%(refname)%00%(upstream:short)%00%(objectname)%00%(upstream:track)%00%(upstream:remotename)%00%(upstream:remoteref) refs/heads/develop refs/remotes/develop [1ms]
2024-03-07 11:31:54.281 [info] > git status -z -uall [28ms]
2024-03-07 11:31:59.312 [info] > git config --get commit.template [10ms]
2024-03-07 11:31:59.313 [info] > git for-each-ref --format=%(refname)%00%(upstream:short)%00%(objectname)%00%(upstream:track)%00%(upstream:remotename)%00%(upstream:remoteref) refs/heads/develop refs/remotes/develop [2ms]
2024-03-07 11:31:59.349 [info] > git status -z -uall [28ms]
2024-03-07 11:32:04.370 [info] > git config --get commit.template [2ms]
2024-03-07 11:32:04.383 [info] > git for-each-ref --format=%(refname)%00%(upstream:short)%00%(objectname)%00%(upstream:track)%00%(upstream:remotename)%00%(upstream:remoteref) refs/heads/develop refs/remotes/develop [2ms]
2024-03-07 11:32:04.483 [info] > git status -z -uall [91ms]
2024-03-07 11:32:07.307 [info] > git check-ignore -v -z --stdin [2ms]
2024-03-07 11:32:08.371 [info] > git add -A -- /home/dataiku/workspace/user-versioned/settings/code-server/logs/20240307T093540/exthost4/remoteexthost.log /home/dataiku/workspace/user-versioned/settings/code-server/logs/20240307T093540/exthost4/vscode.git/Git.log [8ms]
2024-03-07 11:32:08.389 [info] > git config --get commit.template [7ms]
2024-03-07 11:32:08.390 [info] > git for-each-ref --format=%(refname)%00%(upstream:short)%00%(objectname)%00%(upstream:track)%00%(upstream:remotename)%00%(upstream:remoteref) refs/heads/develop refs/remotes/develop [2ms]
2024-03-07 11:32:08.425 [info] > git status -z -uall [28ms]
2024-03-07 11:32:09.514 [info] > git config --get commit.template [11ms]
2024-03-07 11:32:09.515 [info] > git for-each-ref --format=%(refname)%00%(upstream:short)%00%(objectname)%00%(upstream:track)%00%(upstream:remotename)%00%(upstream:remoteref) refs/heads/develop refs/remotes/develop [2ms]
2024-03-07 11:32:09.552 [info] > git status -z -uall [29ms]
2024-03-07 11:32:09.805 [info] > git ls-files --stage -- /home/dataiku/workspace/recipes/compute_analyticsbk_dataset.py [2ms]
2024-03-07 11:32:09.816 [info] > git cat-file -s 8d25ce339b00ebb6260267c9cd8e2089a5681765 [2ms]
2024-03-07 11:32:09.869 [info] > git show --textconv :recipes/compute_analyticsbk_dataset.py [3ms]
2024-03-07 11:32:11.883 [info] > git add -A -- /home/dataiku/workspace/user-versioned/settings/code-server/logs/20240307T093540/exthost4/remoteexthost.log /home/dataiku/workspace/user-versioned/settings/code-server/logs/20240307T093540/exthost4/vscode.git/Git.log [8ms]
2024-03-07 11:32:11.902 [info] > git config --get commit.template [9ms]
2024-03-07 11:32:11.903 [info] > git for-each-ref --format=%(refname)%00%(upstream:short)%00%(objectname)%00%(upstream:track)%00%(upstream:remotename)%00%(upstream:remoteref) refs/heads/develop refs/remotes/develop [1ms]
2024-03-07 11:32:11.939 [info] > git status -z -uall [28ms]
2024-03-07 11:32:13.259 [info] > git ls-files --stage -- /home/dataiku/workspace/recipes/compute_analyticsbk_dataset.py [3ms]
2024-03-07 11:32:13.272 [info] > git cat-file -s 8d25ce339b00ebb6260267c9cd8e2089a5681765 [3ms]
2024-03-07 11:32:13.325 [info] > git show --textconv :recipes/compute_analyticsbk_dataset.py [3ms]
2024-03-07 11:32:14.578 [info] > git config --get commit.template [9ms]
2024-03-07 11:32:14.580 [info] > git for-each-ref --format=%(refname)%00%(upstream:short)%00%(objectname)%00%(upstream:track)%00%(upstream:remotename)%00%(upstream:remoteref) refs/heads/develop refs/remotes/develop [1ms]
2024-03-07 11:32:14.615 [info] > git status -z -uall [29ms]
2024-03-07 11:32:18.714 [info] > git -c user.useConfigOnly=true commit --quiet --allow-empty-message --file - [34ms]
2024-03-07 11:32:18.782 [info] > git config --get commit.template [1ms]
2024-03-07 11:32:18.794 [info] > git config --get commit.template [3ms]
2024-03-07 11:32:18.802 [info] > git for-each-ref --format=%(refname)%00%(upstream:short)%00%(objectname)%00%(upstream:track)%00%(upstream:remotename)%00%(upstream:remoteref) refs/heads/develop refs/remotes/develop [2ms]
2024-03-07 11:32:18.818 [info] > git status -z -uall [9ms]
2024-03-07 11:32:19.031 [info] > git config --get commit.template [11ms]
2024-03-07 11:32:19.032 [info] > git for-each-ref --format=%(refname)%00%(upstream:short)%00%(objectname)%00%(upstream:track)%00%(upstream:remotename)%00%(upstream:remoteref) refs/heads/develop refs/remotes/develop [4ms]
2024-03-07 11:32:19.051 [info] > git status -z -uall [10ms]
2024-03-07 11:32:19.643 [info] > git config --get commit.template [9ms]
2024-03-07 11:32:19.644 [info] > git for-each-ref --format=%(refname)%00%(upstream:short)%00%(objectname)%00%(upstream:track)%00%(upstream:remotename)%00%(upstream:remoteref) refs/heads/develop refs/remotes/develop [2ms]
2024-03-07 11:32:19.660 [info] > git status -z -uall [9ms]
2024-03-07 11:32:20.073 [info] > git ls-files --stage -- /home/dataiku/workspace/recipes/compute_analyticsbk_dataset.py [3ms]
2024-03-07 11:32:20.084 [info] > git cat-file -s 8d25ce339b00ebb6260267c9cd8e2089a5681765 [2ms]
2024-03-07 11:32:20.134 [info] > git show --textconv :recipes/compute_analyticsbk_dataset.py [3ms]
2024-03-07 11:32:24.682 [info] > git config --get commit.template [9ms]
2024-03-07 11:32:24.684 [info] > git for-each-ref --format=%(refname)%00%(upstream:short)%00%(objectname)%00%(upstream:track)%00%(upstream:remotename)%00%(upstream:remoteref) refs/heads/develop refs/remotes/develop [2ms]
2024-03-07 11:32:24.700 [info] > git status -z -uall [9ms]
2024-03-07 11:32:27.658 [info] > git push -u hello-world develop [180ms]
2024-03-07 11:32:27.658 [info] remote: Not Found
fatal: repository 'https://github.com/programata/' not found
2024-03-07 11:32:27.680 [info] > git config --get commit.template [9ms]
2024-03-07 11:32:27.681 [info] > git for-each-ref --format=%(refname)%00%(upstream:short)%00%(objectname)%00%(upstream:track)%00%(upstream:remotename)%00%(upstream:remoteref) refs/heads/develop refs/remotes/develop [2ms]
2024-03-07 11:32:27.698 [info] > git status -z -uall [10ms]
2024-03-07 11:32:29.723 [info] > git config --get commit.template [9ms]
2024-03-07 11:32:29.725 [info] > git for-each-ref --format=%(refname)%00%(upstream:short)%00%(objectname)%00%(upstream:track)%00%(upstream:remotename)%00%(upstream:remoteref) refs/heads/develop refs/remotes/develop [2ms]
2024-03-07 11:32:29.742 [info] > git status -z -uall [10ms]
2024-03-07 11:32:34.763 [info] > git config --get commit.template [9ms]
2024-03-07 11:32:34.765 [info] > git for-each-ref --format=%(refname)%00%(upstream:short)%00%(objectname)%00%(upstream:track)%00%(upstream:remotename)%00%(upstream:remoteref) refs/heads/develop refs/remotes/develop [1ms]
2024-03-07 11:32:34.783 [info] > git status -z -uall [11ms]
2024-03-07 11:32:39.806 [info] > git config --get commit.template [9ms]
2024-03-07 11:32:39.807 [info] > git for-each-ref --format=%(refname)%00%(upstream:short)%00%(objectname)%00%(upstream:track)%00%(upstream:remotename)%00%(upstream:remoteref) refs/heads/develop refs/remotes/develop [2ms]
2024-03-07 11:32:39.828 [info] > git status -z -uall [12ms]
2024-03-07 11:32:44.849 [info] > git config --get commit.template [9ms]
2024-03-07 11:32:44.850 [info] > git for-each-ref --format=%(refname)%00%(upstream:short)%00%(objectname)%00%(upstream:track)%00%(upstream:remotename)%00%(upstream:remoteref) refs/heads/develop refs/remotes/develop [2ms]
2024-03-07 11:32:44.866 [info] > git status -z -uall [10ms]
2024-03-07 11:32:49.888 [info] > git config --get commit.template [9ms]
2024-03-07 11:32:49.889 [info] > git for-each-ref --format=%(refname)%00%(upstream:short)%00%(objectname)%00%(upstream:track)%00%(upstream:remotename)%00%(upstream:remoteref) refs/heads/develop refs/remotes/develop [1ms]
2024-03-07 11:32:49.906 [info] > git status -z -uall [9ms]
2024-03-07 11:32:54.927 [info] > git config --get commit.template [9ms]
2024-03-07 11:32:54.929 [info] > git for-each-ref --format=%(refname)%00%(upstream:short)%00%(objectname)%00%(upstream:track)%00%(upstream:remotename)%00%(upstream:remoteref) refs/heads/develop refs/remotes/develop [3ms]
2024-03-07 11:32:54.946 [info] > git status -z -uall [10ms]
