2024-03-07 11:22:13.801 [info] Reading sessions from keychain...
2024-03-07 11:22:13.801 [info] Getting sessions for all scopes...
2024-03-07 11:22:13.801 [info] Getting sessions for all scopes...
2024-03-07 11:22:13.801 [info] Got stored sessions!
2024-03-07 11:22:13.801 [info] Got 1 verified sessions.
2024-03-07 11:22:13.801 [info] Got 1 sessions for ...
2024-03-07 11:22:13.801 [info] Got 1 sessions for ...
2024-03-07 11:22:14.420 [info] Getting sessions for read:user,repo,user:email,workflow...
2024-03-07 11:22:14.420 [info] Got 1 sessions for read:user,repo,user:email,workflow...
2024-03-07 11:22:15.094 [info] Getting sessions for read:user,repo,user:email...
2024-03-07 11:22:15.094 [info] Got 0 sessions for read:user,repo,user:email...
2024-03-07 11:22:42.655 [info] Getting sessions for read:user,repo,user:email,workflow...
2024-03-07 11:22:42.655 [info] Got 1 sessions for read:user,repo,user:email,workflow...
2024-03-07 11:22:42.752 [info] Getting sessions for read:user,repo,user:email...
2024-03-07 11:22:42.752 [info] Got 0 sessions for read:user,repo,user:email...
2024-03-07 11:22:42.847 [info] Getting sessions for read:user,repo,user:email,workflow...
2024-03-07 11:22:42.847 [info] Got 1 sessions for read:user,repo,user:email,workflow...
2024-03-07 11:22:50.359 [info] Logging in for the following scopes: read:user repo user:email workflow
2024-03-07 11:22:50.401 [info] Trying device code flow... (read:user repo user:email workflow)
2024-03-07 11:23:08.925 [info] Getting user info...
2024-03-07 11:23:09.158 [info] Got account info!
2024-03-07 11:23:09.159 [info] Storing 1 sessions...
2024-03-07 11:23:09.280 [info] Reading sessions from keychain...
2024-03-07 11:23:09.280 [info] Stored 1 sessions!
2024-03-07 11:23:09.280 [info] Login success!
2024-03-07 11:23:09.383 [info] Got stored sessions!
2024-03-07 11:23:09.383 [info] Got 1 verified sessions.
