2024-03-07 09:35:46.643 [info] Log level: Info
2024-03-07 09:35:46.643 [info] Validating found git in: "git"
2024-03-07 09:35:46.643 [info] Using git "2.39.3" from "git"
2024-03-07 09:35:46.643 [info] > git rev-parse --show-toplevel [145ms]
2024-03-07 09:35:46.643 [info] fatal: not a git repository (or any of the parent directories): .git
2024-03-07 09:35:46.643 [info] > git rev-parse --show-toplevel [12ms]
2024-03-07 09:35:46.643 [info] fatal: not a git repository (or any of the parent directories): .git
2024-03-07 09:35:46.643 [info] > git rev-parse --show-toplevel [6ms]
2024-03-07 09:35:46.643 [info] fatal: not a git repository (or any of the parent directories): .git
2024-03-07 09:35:46.643 [info] > git rev-parse --show-toplevel [7ms]
2024-03-07 09:35:46.643 [info] fatal: not a git repository (or any of the parent directories): .git
2024-03-07 09:35:46.643 [info] > git rev-parse --show-toplevel [3ms]
2024-03-07 09:35:46.643 [info] fatal: not a git repository (or any of the parent directories): .git
2024-03-07 09:35:46.643 [info] > git rev-parse --show-toplevel [5ms]
2024-03-07 09:35:46.643 [info] fatal: not a git repository (or any of the parent directories): .git
2024-03-07 09:35:46.643 [info] > git rev-parse --show-toplevel [55ms]
2024-03-07 09:35:46.643 [info] fatal: not a git repository (or any of the parent directories): .git
2024-03-07 09:35:46.643 [info] > git rev-parse --show-toplevel [6ms]
2024-03-07 09:35:46.643 [info] fatal: not a git repository (or any of the parent directories): .git
2024-03-07 09:35:46.643 [info] > git rev-parse --show-toplevel [3ms]
2024-03-07 09:35:46.643 [info] fatal: not a git repository (or any of the parent directories): .git
2024-03-07 09:35:46.643 [info] > git rev-parse --show-toplevel [8ms]
2024-03-07 09:35:46.643 [info] fatal: not a git repository (or any of the parent directories): .git
2024-03-07 09:39:23.635 [info] > git rev-parse --show-toplevel [3ms]
2024-03-07 09:39:23.635 [info] fatal: not a git repository (or any of the parent directories): .git
2024-03-07 09:39:35.942 [info] > git rev-parse --show-toplevel [2ms]
2024-03-07 09:39:35.942 [info] fatal: not a git repository (or any of the parent directories): .git
2024-03-07 09:39:54.011 [info] > git rev-parse --show-toplevel [2ms]
2024-03-07 09:39:54.011 [info] fatal: not a git repository (or any of the parent directories): .git
2024-03-07 09:42:47.117 [info] > git rev-parse --show-toplevel [6ms]
2024-03-07 09:42:47.117 [info] fatal: not a git repository (or any of the parent directories): .git
