2024-03-07 11:26:40.360 [info] Extension host with pid 20013 started
2024-03-07 11:26:40.388 [info] Lock '/home/dataiku/workspace/user-versioned/settings/code-server/User/workspaceStorage/-760492f4/vscode.lock': Lock acquired.
2024-03-07 11:26:40.480 [info] ExtensionService#_doActivateExtension vscode.emmet, startup: false, activationEvent: 'onLanguage'
2024-03-07 11:26:40.481 [info] ExtensionService#_doActivateExtension ms-python.python, startup: false, activationEvent: 'onLanguage:python'
2024-03-07 11:26:40.481 [info] ExtensionService#_doActivateExtension ms-toolsai.jupyter, startup: false, activationEvent: 'onLanguage:python'
2024-03-07 11:26:41.791 [info] ExtensionService#_doActivateExtension ms-toolsai.jupyter-renderers, startup: false, activationEvent: 'api', root cause: ms-toolsai.jupyter
2024-03-07 11:26:41.815 [info] ExtensionService#_doActivateExtension vscode.git-base, startup: true, activationEvent: '*', root cause: vscode.git
2024-03-07 11:26:41.815 [info] ExtensionService#_doActivateExtension LaurentTreguier.vscode-simple-icons, startup: true, activationEvent: '*'
2024-03-07 11:26:41.894 [info] ExtensionService#_doActivateExtension vscode.git, startup: true, activationEvent: '*'
2024-03-07 11:26:41.895 [info] ExtensionService#_doActivateExtension vscode.github, startup: true, activationEvent: '*'
2024-03-07 11:26:42.129 [info] Eager extensions activated
2024-03-07 11:26:42.129 [info] ExtensionService#_doActivateExtension vscode.debug-auto-launch, startup: false, activationEvent: 'onStartupFinished'
2024-03-07 11:26:42.130 [info] ExtensionService#_doActivateExtension vscode.merge-conflict, startup: false, activationEvent: 'onStartupFinished'
2024-03-07 11:26:42.130 [info] ExtensionService#_doActivateExtension vscode-icons-team.vscode-icons, startup: false, activationEvent: 'onStartupFinished'
2024-03-07 11:28:11.931 [info] ExtensionService#_doActivateExtension eamodio.gitlens, startup: false, activationEvent: 'onStartupFinished'
2024-03-07 11:28:17.077 [warning] [Decorations] CAPPING events from decorations provider vscode.git 366
2024-03-07 11:28:22.126 [warning] [Decorations] CAPPING events from decorations provider vscode.git 366
2024-03-07 11:28:27.172 [warning] [Decorations] CAPPING events from decorations provider vscode.git 366
2024-03-07 11:28:32.223 [warning] [Decorations] CAPPING events from decorations provider vscode.git 366
2024-03-07 11:28:37.272 [warning] [Decorations] CAPPING events from decorations provider vscode.git 366
2024-03-07 11:28:42.315 [warning] [Decorations] CAPPING events from decorations provider vscode.git 366
2024-03-07 11:28:47.394 [warning] [Decorations] CAPPING events from decorations provider vscode.git 366
2024-03-07 11:28:52.443 [warning] [Decorations] CAPPING events from decorations provider vscode.git 366
2024-03-07 11:28:57.494 [warning] [Decorations] CAPPING events from decorations provider vscode.git 366
2024-03-07 11:29:02.543 [warning] [Decorations] CAPPING events from decorations provider vscode.git 366
2024-03-07 11:29:07.589 [warning] [Decorations] CAPPING events from decorations provider vscode.git 366
2024-03-07 11:29:12.637 [warning] [Decorations] CAPPING events from decorations provider vscode.git 366
2024-03-07 11:29:17.682 [warning] [Decorations] CAPPING events from decorations provider vscode.git 366
2024-03-07 11:29:22.730 [warning] [Decorations] CAPPING events from decorations provider vscode.git 366
2024-03-07 11:29:27.775 [warning] [Decorations] CAPPING events from decorations provider vscode.git 366
2024-03-07 11:29:32.821 [warning] [Decorations] CAPPING events from decorations provider vscode.git 366
2024-03-07 11:29:38.120 [warning] [Decorations] CAPPING events from decorations provider vscode.git 366
2024-03-07 11:29:40.033 [warning] [Decorations] CAPPING events from decorations provider vscode.git 366
2024-03-07 11:29:43.164 [warning] [Decorations] CAPPING events from decorations provider vscode.git 366
2024-03-07 11:29:48.210 [warning] [Decorations] CAPPING events from decorations provider vscode.git 366
2024-03-07 11:29:53.258 [warning] [Decorations] CAPPING events from decorations provider vscode.git 366
2024-03-07 11:29:58.306 [warning] [Decorations] CAPPING events from decorations provider vscode.git 366
2024-03-07 11:30:03.350 [warning] [Decorations] CAPPING events from decorations provider vscode.git 366
2024-03-07 11:30:08.399 [warning] [Decorations] CAPPING events from decorations provider vscode.git 366
2024-03-07 11:30:13.097 [warning] [Decorations] CAPPING events from decorations provider vscode.git 366
2024-03-07 11:30:13.443 [warning] [Decorations] CAPPING events from decorations provider vscode.git 366
2024-03-07 11:30:18.489 [warning] [Decorations] CAPPING events from decorations provider vscode.git 366
2024-03-07 11:30:23.538 [warning] [Decorations] CAPPING events from decorations provider vscode.git 366
2024-03-07 11:30:28.584 [warning] [Decorations] CAPPING events from decorations provider vscode.git 366
2024-03-07 11:30:30.255 [warning] [Decorations] CAPPING events from decorations provider vscode.git 366
2024-03-07 11:30:33.635 [warning] [Decorations] CAPPING events from decorations provider vscode.git 366
2024-03-07 11:30:38.681 [warning] [Decorations] CAPPING events from decorations provider vscode.git 366
2024-03-07 11:30:41.552 [warning] [Decorations] CAPPING events from decorations provider vscode.git 366
2024-03-07 11:30:43.750 [warning] [Decorations] CAPPING events from decorations provider vscode.git 365
2024-03-07 11:30:48.877 [warning] [Decorations] CAPPING events from decorations provider vscode.git 365
2024-03-07 11:30:53.940 [warning] [Decorations] CAPPING events from decorations provider vscode.git 365
2024-03-07 11:30:57.820 [warning] [Decorations] CAPPING events from decorations provider vscode.git 365
2024-03-07 11:30:59.005 [warning] [Decorations] CAPPING events from decorations provider vscode.git 365
2024-03-07 11:31:04.198 [warning] [Decorations] CAPPING events from decorations provider vscode.git 365
2024-03-07 11:31:04.257 [warning] [Decorations] CAPPING events from decorations provider vscode.git 365
2024-03-07 11:31:09.319 [warning] [Decorations] CAPPING events from decorations provider vscode.git 365
2024-03-07 11:31:14.386 [warning] [Decorations] CAPPING events from decorations provider vscode.git 365
2024-03-07 11:31:19.450 [warning] [Decorations] CAPPING events from decorations provider vscode.git 365
2024-03-07 11:31:23.830 [info] ExtensionService#_doActivateExtension vscode.simple-browser, startup: false, activationEvent: 'onOpenExternalUri:https'
2024-03-07 11:31:28.951 [warning] [Decorations] CAPPING events from decorations provider vscode.git 365
2024-03-07 11:31:34.016 [warning] [Decorations] CAPPING events from decorations provider vscode.git 365
2024-03-07 11:31:39.090 [warning] [Decorations] CAPPING events from decorations provider vscode.git 365
2024-03-07 11:31:44.153 [warning] [Decorations] CAPPING events from decorations provider vscode.git 365
2024-03-07 11:31:49.220 [warning] [Decorations] CAPPING events from decorations provider vscode.git 365
2024-03-07 11:31:54.287 [warning] [Decorations] CAPPING events from decorations provider vscode.git 365
2024-03-07 11:31:59.354 [warning] [Decorations] CAPPING events from decorations provider vscode.git 365
2024-03-07 11:32:04.490 [warning] [Decorations] CAPPING events from decorations provider vscode.git 365
2024-03-07 11:32:08.429 [warning] [Decorations] CAPPING events from decorations provider vscode.git 365
2024-03-07 11:32:09.556 [warning] [Decorations] CAPPING events from decorations provider vscode.git 365
2024-03-07 11:32:11.943 [warning] [Decorations] CAPPING events from decorations provider vscode.git 365
2024-03-07 11:32:14.621 [warning] [Decorations] CAPPING events from decorations provider vscode.git 365
2024-03-07 11:32:18.821 [warning] [Decorations] CAPPING events from decorations provider vscode.git 365
2024-03-07 11:32:31.993 [warning] TextEditor is closed/disposed
2024-03-07 11:32:56.638 [info] Extension host terminating: received terminate message from renderer
2024-03-07 11:32:56.639 [info] Lock '/home/dataiku/workspace/user-versioned/settings/code-server/User/workspaceStorage/-760492f4/vscode.lock': Marking the lockfile as scheduled to be released in 6000 ms.
2024-03-07 11:32:56.682 [error] Canceled: Canceled
	at new l (/opt/dataiku/code-server/lib/vscode/out/vs/workbench/api/node/extensionHostProcess.js:98:104563)
	at a.O (/opt/dataiku/code-server/lib/vscode/out/vs/workbench/api/node/extensionHostProcess.js:110:11657)
	at Proxy.H.<computed>.V.charCodeAt.H.<computed> (/opt/dataiku/code-server/lib/vscode/out/vs/workbench/api/node/extensionHostProcess.js:110:8947)
	at e.ExtHostCommands.g (/opt/dataiku/code-server/lib/vscode/out/vs/workbench/api/node/extensionHostProcess.js:98:124729)
	at e.ExtHostCommands.executeCommand (/opt/dataiku/code-server/lib/vscode/out/vs/workbench/api/node/extensionHostProcess.js:98:124105)
	at C.registerCommand.description (/opt/dataiku/code-server/lib/vscode/out/vs/workbench/api/node/extensionHostProcess.js:98:123398)
	at e.ExtHostCommands.h (/opt/dataiku/code-server/lib/vscode/out/vs/workbench/api/node/extensionHostProcess.js:98:125315)
	at e.ExtHostCommands.g (/opt/dataiku/code-server/lib/vscode/out/vs/workbench/api/node/extensionHostProcess.js:98:124205)
	at e.ExtHostCommands.executeCommand (/opt/dataiku/code-server/lib/vscode/out/vs/workbench/api/node/extensionHostProcess.js:98:124105)
	at Object.executeCommand (/opt/dataiku/code-server/lib/vscode/out/vs/workbench/api/node/extensionHostProcess.js:116:24043)
	at D (/opt/dataiku/code-server/lib/vscode/extensions/git/dist/main.js:2:1259661)
	at v.invoke (/opt/dataiku/code-server/lib/vscode/out/vs/workbench/api/node/extensionHostProcess.js:60:145)
	at h.deliver (/opt/dataiku/code-server/lib/vscode/out/vs/workbench/api/node/extensionHostProcess.js:60:2121)
	at i.fire (/opt/dataiku/code-server/lib/vscode/out/vs/workbench/api/node/extensionHostProcess.js:60:1729)
	at Object.m [as dispose] (/opt/dataiku/code-server/lib/vscode/extensions/git/dist/main.js:2:1274494)
	at /opt/dataiku/code-server/lib/vscode/extensions/git/dist/main.js:2:1278940
	at Array.forEach (<anonymous>)
	at g.dispose (/opt/dataiku/code-server/lib/vscode/extensions/git/dist/main.js:2:1278926)
	at t.<anonymous> (/opt/dataiku/code-server/lib/vscode/out/vs/workbench/api/node/extensionHostProcess.js:96:12369)
	at t.dispose (/opt/dataiku/code-server/lib/vscode/out/vs/workbench/api/node/extensionHostProcess.js:96:12504)
	at t.<anonymous> (/opt/dataiku/code-server/lib/vscode/extensions/git/dist/main.js:2:1261791)
	at t.dispose (/opt/dataiku/code-server/lib/vscode/out/vs/workbench/api/node/extensionHostProcess.js:96:12504)
	at T (/opt/dataiku/code-server/lib/vscode/out/vs/workbench/api/node/extensionHostProcess.js:10:12080)
	at h.Y (/opt/dataiku/code-server/lib/vscode/out/vs/workbench/api/node/extensionHostProcess.js:112:11173)
	at /opt/dataiku/code-server/lib/vscode/out/vs/workbench/api/node/extensionHostProcess.js:112:9157
	at Array.map (<anonymous>)
	at h.R (/opt/dataiku/code-server/lib/vscode/out/vs/workbench/api/node/extensionHostProcess.js:112:9144)
	at h.terminate (/opt/dataiku/code-server/lib/vscode/out/vs/workbench/api/node/extensionHostProcess.js:112:9415)
	at d.terminate (/opt/dataiku/code-server/lib/vscode/out/vs/workbench/api/node/extensionHostProcess.js:116:1544)
	at g (/opt/dataiku/code-server/lib/vscode/out/vs/workbench/api/node/extensionHostProcess.js:126:34552)
	at /opt/dataiku/code-server/lib/vscode/out/vs/workbench/api/node/extensionHostProcess.js:126:32462
	at v.invoke (/opt/dataiku/code-server/lib/vscode/out/vs/workbench/api/node/extensionHostProcess.js:60:145)
	at h.deliver (/opt/dataiku/code-server/lib/vscode/out/vs/workbench/api/node/extensionHostProcess.js:60:2121)
	at i.fire (/opt/dataiku/code-server/lib/vscode/out/vs/workbench/api/node/extensionHostProcess.js:60:1729)
	at g.fire (/opt/dataiku/code-server/lib/vscode/out/vs/workbench/api/node/extensionHostProcess.js:71:14852)
	at u.E (/opt/dataiku/code-server/lib/vscode/out/vs/workbench/api/node/extensionHostProcess.js:71:18899)
	at /opt/dataiku/code-server/lib/vscode/out/vs/workbench/api/node/extensionHostProcess.js:71:16887
	at v.invoke (/opt/dataiku/code-server/lib/vscode/out/vs/workbench/api/node/extensionHostProcess.js:60:145)
	at h.deliver (/opt/dataiku/code-server/lib/vscode/out/vs/workbench/api/node/extensionHostProcess.js:60:2121)
	at i.fire (/opt/dataiku/code-server/lib/vscode/out/vs/workbench/api/node/extensionHostProcess.js:60:1729)
	at d.acceptChunk (/opt/dataiku/code-server/lib/vscode/out/vs/workbench/api/node/extensionHostProcess.js:71:12583)
	at /opt/dataiku/code-server/lib/vscode/out/vs/workbench/api/node/extensionHostProcess.js:71:11870
	at v.invoke (/opt/dataiku/code-server/lib/vscode/out/vs/workbench/api/node/extensionHostProcess.js:60:145)
	at h.deliver (/opt/dataiku/code-server/lib/vscode/out/vs/workbench/api/node/extensionHostProcess.js:60:2121)
	at i.fire (/opt/dataiku/code-server/lib/vscode/out/vs/workbench/api/node/extensionHostProcess.js:60:1729)
	at D.u (/opt/dataiku/code-server/lib/vscode/out/vs/workbench/api/node/extensionHostProcess.js:126:20019) setContext undefined
2024-03-07 11:32:56.682 [error] Canceled: Canceled
	at new l (/opt/dataiku/code-server/lib/vscode/out/vs/workbench/api/node/extensionHostProcess.js:98:104563)
	at a.O (/opt/dataiku/code-server/lib/vscode/out/vs/workbench/api/node/extensionHostProcess.js:110:11657)
	at Proxy.H.<computed>.V.charCodeAt.H.<computed> (/opt/dataiku/code-server/lib/vscode/out/vs/workbench/api/node/extensionHostProcess.js:110:8947)
	at e.ExtHostCommands.g (/opt/dataiku/code-server/lib/vscode/out/vs/workbench/api/node/extensionHostProcess.js:98:124729)
	at e.ExtHostCommands.executeCommand (/opt/dataiku/code-server/lib/vscode/out/vs/workbench/api/node/extensionHostProcess.js:98:124105)
	at C.registerCommand.description (/opt/dataiku/code-server/lib/vscode/out/vs/workbench/api/node/extensionHostProcess.js:98:123398)
	at e.ExtHostCommands.h (/opt/dataiku/code-server/lib/vscode/out/vs/workbench/api/node/extensionHostProcess.js:98:125315)
	at e.ExtHostCommands.g (/opt/dataiku/code-server/lib/vscode/out/vs/workbench/api/node/extensionHostProcess.js:98:124205)
	at e.ExtHostCommands.executeCommand (/opt/dataiku/code-server/lib/vscode/out/vs/workbench/api/node/extensionHostProcess.js:98:124105)
	at Object.executeCommand (/opt/dataiku/code-server/lib/vscode/out/vs/workbench/api/node/extensionHostProcess.js:116:24043)
	at g (/home/dataiku/workspace/code_studio-resources/vscode-extensions/eamodio.gitlens-14.2.1-universal/dist/gitlens.js:1:958233)
	at c (/home/dataiku/workspace/code_studio-resources/vscode-extensions/eamodio.gitlens-14.2.1-universal/dist/gitlens.js:1:962861)
	at ActionRunners._updateContextKeys (/home/dataiku/workspace/code_studio-resources/vscode-extensions/eamodio.gitlens-14.2.1-universal/dist/gitlens.js:1:38220)
	at s (/home/dataiku/workspace/code_studio-resources/vscode-extensions/eamodio.gitlens-14.2.1-universal/dist/gitlens.js:1:36639)
	at RegisteredActionRunner.unregister (/home/dataiku/workspace/code_studio-resources/vscode-extensions/eamodio.gitlens-14.2.1-universal/dist/gitlens.js:1:36783)
	at RegisteredActionRunner.dispose (/home/dataiku/workspace/code_studio-resources/vscode-extensions/eamodio.gitlens-14.2.1-universal/dist/gitlens.js:1:35446)
	at ActionRunners.dispose (/home/dataiku/workspace/code_studio-resources/vscode-extensions/eamodio.gitlens-14.2.1-universal/dist/gitlens.js:1:36225)
	at /home/dataiku/workspace/code_studio-resources/vscode-extensions/eamodio.gitlens-14.2.1-universal/dist/gitlens.js:1:680042
	at Array.forEach (<anonymous>)
	at Object.dispose (/home/dataiku/workspace/code_studio-resources/vscode-extensions/eamodio.gitlens-14.2.1-universal/dist/gitlens.js:1:680027)
	at T (/opt/dataiku/code-server/lib/vscode/out/vs/workbench/api/node/extensionHostProcess.js:10:12080)
	at h.Y (/opt/dataiku/code-server/lib/vscode/out/vs/workbench/api/node/extensionHostProcess.js:112:11173)
	at /opt/dataiku/code-server/lib/vscode/out/vs/workbench/api/node/extensionHostProcess.js:112:9157
	at Array.map (<anonymous>)
	at h.R (/opt/dataiku/code-server/lib/vscode/out/vs/workbench/api/node/extensionHostProcess.js:112:9144)
	at h.terminate (/opt/dataiku/code-server/lib/vscode/out/vs/workbench/api/node/extensionHostProcess.js:112:9415)
	at d.terminate (/opt/dataiku/code-server/lib/vscode/out/vs/workbench/api/node/extensionHostProcess.js:116:1544)
	at g (/opt/dataiku/code-server/lib/vscode/out/vs/workbench/api/node/extensionHostProcess.js:126:34552)
	at /opt/dataiku/code-server/lib/vscode/out/vs/workbench/api/node/extensionHostProcess.js:126:32462
	at v.invoke (/opt/dataiku/code-server/lib/vscode/out/vs/workbench/api/node/extensionHostProcess.js:60:145)
	at h.deliver (/opt/dataiku/code-server/lib/vscode/out/vs/workbench/api/node/extensionHostProcess.js:60:2121)
	at i.fire (/opt/dataiku/code-server/lib/vscode/out/vs/workbench/api/node/extensionHostProcess.js:60:1729)
	at g.fire (/opt/dataiku/code-server/lib/vscode/out/vs/workbench/api/node/extensionHostProcess.js:71:14852)
	at u.E (/opt/dataiku/code-server/lib/vscode/out/vs/workbench/api/node/extensionHostProcess.js:71:18899)
	at /opt/dataiku/code-server/lib/vscode/out/vs/workbench/api/node/extensionHostProcess.js:71:16887
	at v.invoke (/opt/dataiku/code-server/lib/vscode/out/vs/workbench/api/node/extensionHostProcess.js:60:145)
	at h.deliver (/opt/dataiku/code-server/lib/vscode/out/vs/workbench/api/node/extensionHostProcess.js:60:2121)
	at i.fire (/opt/dataiku/code-server/lib/vscode/out/vs/workbench/api/node/extensionHostProcess.js:60:1729)
	at d.acceptChunk (/opt/dataiku/code-server/lib/vscode/out/vs/workbench/api/node/extensionHostProcess.js:71:12583)
	at /opt/dataiku/code-server/lib/vscode/out/vs/workbench/api/node/extensionHostProcess.js:71:11870
	at v.invoke (/opt/dataiku/code-server/lib/vscode/out/vs/workbench/api/node/extensionHostProcess.js:60:145)
	at h.deliver (/opt/dataiku/code-server/lib/vscode/out/vs/workbench/api/node/extensionHostProcess.js:60:2121)
	at i.fire (/opt/dataiku/code-server/lib/vscode/out/vs/workbench/api/node/extensionHostProcess.js:60:1729)
	at D.u (/opt/dataiku/code-server/lib/vscode/out/vs/workbench/api/node/extensionHostProcess.js:126:20019) setContext undefined
2024-03-07 11:32:56.682 [error] Canceled: Canceled
	at new l (/opt/dataiku/code-server/lib/vscode/out/vs/workbench/api/node/extensionHostProcess.js:98:104563)
	at a.O (/opt/dataiku/code-server/lib/vscode/out/vs/workbench/api/node/extensionHostProcess.js:110:11657)
	at Proxy.H.<computed>.V.charCodeAt.H.<computed> (/opt/dataiku/code-server/lib/vscode/out/vs/workbench/api/node/extensionHostProcess.js:110:8947)
	at e.ExtHostCommands.g (/opt/dataiku/code-server/lib/vscode/out/vs/workbench/api/node/extensionHostProcess.js:98:124729)
	at e.ExtHostCommands.executeCommand (/opt/dataiku/code-server/lib/vscode/out/vs/workbench/api/node/extensionHostProcess.js:98:124105)
	at C.registerCommand.description (/opt/dataiku/code-server/lib/vscode/out/vs/workbench/api/node/extensionHostProcess.js:98:123398)
	at e.ExtHostCommands.h (/opt/dataiku/code-server/lib/vscode/out/vs/workbench/api/node/extensionHostProcess.js:98:125315)
	at e.ExtHostCommands.g (/opt/dataiku/code-server/lib/vscode/out/vs/workbench/api/node/extensionHostProcess.js:98:124205)
	at e.ExtHostCommands.executeCommand (/opt/dataiku/code-server/lib/vscode/out/vs/workbench/api/node/extensionHostProcess.js:98:124105)
	at Object.executeCommand (/opt/dataiku/code-server/lib/vscode/out/vs/workbench/api/node/extensionHostProcess.js:116:24043)
	at g (/home/dataiku/workspace/code_studio-resources/vscode-extensions/eamodio.gitlens-14.2.1-universal/dist/gitlens.js:1:958233)
	at c (/home/dataiku/workspace/code_studio-resources/vscode-extensions/eamodio.gitlens-14.2.1-universal/dist/gitlens.js:1:962861)
	at ActionRunners._updateContextKeys (/home/dataiku/workspace/code_studio-resources/vscode-extensions/eamodio.gitlens-14.2.1-universal/dist/gitlens.js:1:38220)
	at s (/home/dataiku/workspace/code_studio-resources/vscode-extensions/eamodio.gitlens-14.2.1-universal/dist/gitlens.js:1:36639)
	at RegisteredActionRunner.unregister (/home/dataiku/workspace/code_studio-resources/vscode-extensions/eamodio.gitlens-14.2.1-universal/dist/gitlens.js:1:36783)
	at RegisteredActionRunner.dispose (/home/dataiku/workspace/code_studio-resources/vscode-extensions/eamodio.gitlens-14.2.1-universal/dist/gitlens.js:1:35446)
	at ActionRunners.dispose (/home/dataiku/workspace/code_studio-resources/vscode-extensions/eamodio.gitlens-14.2.1-universal/dist/gitlens.js:1:36225)
	at /home/dataiku/workspace/code_studio-resources/vscode-extensions/eamodio.gitlens-14.2.1-universal/dist/gitlens.js:1:680042
	at Array.forEach (<anonymous>)
	at Object.dispose (/home/dataiku/workspace/code_studio-resources/vscode-extensions/eamodio.gitlens-14.2.1-universal/dist/gitlens.js:1:680027)
	at T (/opt/dataiku/code-server/lib/vscode/out/vs/workbench/api/node/extensionHostProcess.js:10:12080)
	at h.Y (/opt/dataiku/code-server/lib/vscode/out/vs/workbench/api/node/extensionHostProcess.js:112:11173)
	at /opt/dataiku/code-server/lib/vscode/out/vs/workbench/api/node/extensionHostProcess.js:112:9157
	at Array.map (<anonymous>)
	at h.R (/opt/dataiku/code-server/lib/vscode/out/vs/workbench/api/node/extensionHostProcess.js:112:9144)
	at h.terminate (/opt/dataiku/code-server/lib/vscode/out/vs/workbench/api/node/extensionHostProcess.js:112:9415)
	at d.terminate (/opt/dataiku/code-server/lib/vscode/out/vs/workbench/api/node/extensionHostProcess.js:116:1544)
	at g (/opt/dataiku/code-server/lib/vscode/out/vs/workbench/api/node/extensionHostProcess.js:126:34552)
	at /opt/dataiku/code-server/lib/vscode/out/vs/workbench/api/node/extensionHostProcess.js:126:32462
	at v.invoke (/opt/dataiku/code-server/lib/vscode/out/vs/workbench/api/node/extensionHostProcess.js:60:145)
	at h.deliver (/opt/dataiku/code-server/lib/vscode/out/vs/workbench/api/node/extensionHostProcess.js:60:2121)
	at i.fire (/opt/dataiku/code-server/lib/vscode/out/vs/workbench/api/node/extensionHostProcess.js:60:1729)
	at g.fire (/opt/dataiku/code-server/lib/vscode/out/vs/workbench/api/node/extensionHostProcess.js:71:14852)
	at u.E (/opt/dataiku/code-server/lib/vscode/out/vs/workbench/api/node/extensionHostProcess.js:71:18899)
	at /opt/dataiku/code-server/lib/vscode/out/vs/workbench/api/node/extensionHostProcess.js:71:16887
	at v.invoke (/opt/dataiku/code-server/lib/vscode/out/vs/workbench/api/node/extensionHostProcess.js:60:145)
	at h.deliver (/opt/dataiku/code-server/lib/vscode/out/vs/workbench/api/node/extensionHostProcess.js:60:2121)
	at i.fire (/opt/dataiku/code-server/lib/vscode/out/vs/workbench/api/node/extensionHostProcess.js:60:1729)
	at d.acceptChunk (/opt/dataiku/code-server/lib/vscode/out/vs/workbench/api/node/extensionHostProcess.js:71:12583)
	at /opt/dataiku/code-server/lib/vscode/out/vs/workbench/api/node/extensionHostProcess.js:71:11870
	at v.invoke (/opt/dataiku/code-server/lib/vscode/out/vs/workbench/api/node/extensionHostProcess.js:60:145)
	at h.deliver (/opt/dataiku/code-server/lib/vscode/out/vs/workbench/api/node/extensionHostProcess.js:60:2121)
	at i.fire (/opt/dataiku/code-server/lib/vscode/out/vs/workbench/api/node/extensionHostProcess.js:60:1729)
	at D.u (/opt/dataiku/code-server/lib/vscode/out/vs/workbench/api/node/extensionHostProcess.js:126:20019) setContext undefined
2024-03-07 11:32:56.682 [error] Canceled: Canceled
	at new l (/opt/dataiku/code-server/lib/vscode/out/vs/workbench/api/node/extensionHostProcess.js:98:104563)
	at a.O (/opt/dataiku/code-server/lib/vscode/out/vs/workbench/api/node/extensionHostProcess.js:110:11657)
	at Proxy.H.<computed>.V.charCodeAt.H.<computed> (/opt/dataiku/code-server/lib/vscode/out/vs/workbench/api/node/extensionHostProcess.js:110:8947)
	at e.ExtHostCommands.g (/opt/dataiku/code-server/lib/vscode/out/vs/workbench/api/node/extensionHostProcess.js:98:124729)
	at e.ExtHostCommands.executeCommand (/opt/dataiku/code-server/lib/vscode/out/vs/workbench/api/node/extensionHostProcess.js:98:124105)
	at C.registerCommand.description (/opt/dataiku/code-server/lib/vscode/out/vs/workbench/api/node/extensionHostProcess.js:98:123398)
	at e.ExtHostCommands.h (/opt/dataiku/code-server/lib/vscode/out/vs/workbench/api/node/extensionHostProcess.js:98:125315)
	at e.ExtHostCommands.g (/opt/dataiku/code-server/lib/vscode/out/vs/workbench/api/node/extensionHostProcess.js:98:124205)
	at e.ExtHostCommands.executeCommand (/opt/dataiku/code-server/lib/vscode/out/vs/workbench/api/node/extensionHostProcess.js:98:124105)
	at Object.executeCommand (/opt/dataiku/code-server/lib/vscode/out/vs/workbench/api/node/extensionHostProcess.js:116:24043)
	at g (/home/dataiku/workspace/code_studio-resources/vscode-extensions/eamodio.gitlens-14.2.1-universal/dist/gitlens.js:1:958233)
	at c (/home/dataiku/workspace/code_studio-resources/vscode-extensions/eamodio.gitlens-14.2.1-universal/dist/gitlens.js:1:962861)
	at ActionRunners._updateContextKeys (/home/dataiku/workspace/code_studio-resources/vscode-extensions/eamodio.gitlens-14.2.1-universal/dist/gitlens.js:1:38220)
	at s (/home/dataiku/workspace/code_studio-resources/vscode-extensions/eamodio.gitlens-14.2.1-universal/dist/gitlens.js:1:36639)
	at RegisteredActionRunner.unregister (/home/dataiku/workspace/code_studio-resources/vscode-extensions/eamodio.gitlens-14.2.1-universal/dist/gitlens.js:1:36783)
	at RegisteredActionRunner.dispose (/home/dataiku/workspace/code_studio-resources/vscode-extensions/eamodio.gitlens-14.2.1-universal/dist/gitlens.js:1:35446)
	at ActionRunners.dispose (/home/dataiku/workspace/code_studio-resources/vscode-extensions/eamodio.gitlens-14.2.1-universal/dist/gitlens.js:1:36225)
	at /home/dataiku/workspace/code_studio-resources/vscode-extensions/eamodio.gitlens-14.2.1-universal/dist/gitlens.js:1:680042
	at Array.forEach (<anonymous>)
	at Object.dispose (/home/dataiku/workspace/code_studio-resources/vscode-extensions/eamodio.gitlens-14.2.1-universal/dist/gitlens.js:1:680027)
	at T (/opt/dataiku/code-server/lib/vscode/out/vs/workbench/api/node/extensionHostProcess.js:10:12080)
	at h.Y (/opt/dataiku/code-server/lib/vscode/out/vs/workbench/api/node/extensionHostProcess.js:112:11173)
	at /opt/dataiku/code-server/lib/vscode/out/vs/workbench/api/node/extensionHostProcess.js:112:9157
	at Array.map (<anonymous>)
	at h.R (/opt/dataiku/code-server/lib/vscode/out/vs/workbench/api/node/extensionHostProcess.js:112:9144)
	at h.terminate (/opt/dataiku/code-server/lib/vscode/out/vs/workbench/api/node/extensionHostProcess.js:112:9415)
	at d.terminate (/opt/dataiku/code-server/lib/vscode/out/vs/workbench/api/node/extensionHostProcess.js:116:1544)
	at g (/opt/dataiku/code-server/lib/vscode/out/vs/workbench/api/node/extensionHostProcess.js:126:34552)
	at /opt/dataiku/code-server/lib/vscode/out/vs/workbench/api/node/extensionHostProcess.js:126:32462
	at v.invoke (/opt/dataiku/code-server/lib/vscode/out/vs/workbench/api/node/extensionHostProcess.js:60:145)
	at h.deliver (/opt/dataiku/code-server/lib/vscode/out/vs/workbench/api/node/extensionHostProcess.js:60:2121)
	at i.fire (/opt/dataiku/code-server/lib/vscode/out/vs/workbench/api/node/extensionHostProcess.js:60:1729)
	at g.fire (/opt/dataiku/code-server/lib/vscode/out/vs/workbench/api/node/extensionHostProcess.js:71:14852)
	at u.E (/opt/dataiku/code-server/lib/vscode/out/vs/workbench/api/node/extensionHostProcess.js:71:18899)
	at /opt/dataiku/code-server/lib/vscode/out/vs/workbench/api/node/extensionHostProcess.js:71:16887
	at v.invoke (/opt/dataiku/code-server/lib/vscode/out/vs/workbench/api/node/extensionHostProcess.js:60:145)
	at h.deliver (/opt/dataiku/code-server/lib/vscode/out/vs/workbench/api/node/extensionHostProcess.js:60:2121)
	at i.fire (/opt/dataiku/code-server/lib/vscode/out/vs/workbench/api/node/extensionHostProcess.js:60:1729)
	at d.acceptChunk (/opt/dataiku/code-server/lib/vscode/out/vs/workbench/api/node/extensionHostProcess.js:71:12583)
	at /opt/dataiku/code-server/lib/vscode/out/vs/workbench/api/node/extensionHostProcess.js:71:11870
	at v.invoke (/opt/dataiku/code-server/lib/vscode/out/vs/workbench/api/node/extensionHostProcess.js:60:145)
	at h.deliver (/opt/dataiku/code-server/lib/vscode/out/vs/workbench/api/node/extensionHostProcess.js:60:2121)
	at i.fire (/opt/dataiku/code-server/lib/vscode/out/vs/workbench/api/node/extensionHostProcess.js:60:1729)
	at D.u (/opt/dataiku/code-server/lib/vscode/out/vs/workbench/api/node/extensionHostProcess.js:126:20019) setContext undefined
2024-03-07 11:32:56.682 [error] Canceled: Canceled
	at new l (/opt/dataiku/code-server/lib/vscode/out/vs/workbench/api/node/extensionHostProcess.js:98:104563)
	at a.O (/opt/dataiku/code-server/lib/vscode/out/vs/workbench/api/node/extensionHostProcess.js:110:11657)
	at Proxy.H.<computed>.V.charCodeAt.H.<computed> (/opt/dataiku/code-server/lib/vscode/out/vs/workbench/api/node/extensionHostProcess.js:110:8947)
	at e.ExtHostCommands.g (/opt/dataiku/code-server/lib/vscode/out/vs/workbench/api/node/extensionHostProcess.js:98:124729)
	at e.ExtHostCommands.executeCommand (/opt/dataiku/code-server/lib/vscode/out/vs/workbench/api/node/extensionHostProcess.js:98:124105)
	at C.registerCommand.description (/opt/dataiku/code-server/lib/vscode/out/vs/workbench/api/node/extensionHostProcess.js:98:123398)
	at e.ExtHostCommands.h (/opt/dataiku/code-server/lib/vscode/out/vs/workbench/api/node/extensionHostProcess.js:98:125315)
	at e.ExtHostCommands.g (/opt/dataiku/code-server/lib/vscode/out/vs/workbench/api/node/extensionHostProcess.js:98:124205)
	at e.ExtHostCommands.executeCommand (/opt/dataiku/code-server/lib/vscode/out/vs/workbench/api/node/extensionHostProcess.js:98:124105)
	at Object.executeCommand (/opt/dataiku/code-server/lib/vscode/out/vs/workbench/api/node/extensionHostProcess.js:116:24043)
	at g (/home/dataiku/workspace/code_studio-resources/vscode-extensions/eamodio.gitlens-14.2.1-universal/dist/gitlens.js:1:958233)
	at c (/home/dataiku/workspace/code_studio-resources/vscode-extensions/eamodio.gitlens-14.2.1-universal/dist/gitlens.js:1:962861)
	at ActionRunners._updateContextKeys (/home/dataiku/workspace/code_studio-resources/vscode-extensions/eamodio.gitlens-14.2.1-universal/dist/gitlens.js:1:38220)
	at s (/home/dataiku/workspace/code_studio-resources/vscode-extensions/eamodio.gitlens-14.2.1-universal/dist/gitlens.js:1:36639)
	at RegisteredActionRunner.unregister (/home/dataiku/workspace/code_studio-resources/vscode-extensions/eamodio.gitlens-14.2.1-universal/dist/gitlens.js:1:36783)
	at RegisteredActionRunner.dispose (/home/dataiku/workspace/code_studio-resources/vscode-extensions/eamodio.gitlens-14.2.1-universal/dist/gitlens.js:1:35446)
	at Object.dispose (/home/dataiku/workspace/code_studio-resources/vscode-extensions/eamodio.gitlens-14.2.1-universal/dist/gitlens.js:1:36880)
	at T (/opt/dataiku/code-server/lib/vscode/out/vs/workbench/api/node/extensionHostProcess.js:10:12080)
	at h.Y (/opt/dataiku/code-server/lib/vscode/out/vs/workbench/api/node/extensionHostProcess.js:112:11173)
	at /opt/dataiku/code-server/lib/vscode/out/vs/workbench/api/node/extensionHostProcess.js:112:9157
	at Array.map (<anonymous>)
	at h.R (/opt/dataiku/code-server/lib/vscode/out/vs/workbench/api/node/extensionHostProcess.js:112:9144)
	at h.terminate (/opt/dataiku/code-server/lib/vscode/out/vs/workbench/api/node/extensionHostProcess.js:112:9415)
	at d.terminate (/opt/dataiku/code-server/lib/vscode/out/vs/workbench/api/node/extensionHostProcess.js:116:1544)
	at g (/opt/dataiku/code-server/lib/vscode/out/vs/workbench/api/node/extensionHostProcess.js:126:34552)
	at /opt/dataiku/code-server/lib/vscode/out/vs/workbench/api/node/extensionHostProcess.js:126:32462
	at v.invoke (/opt/dataiku/code-server/lib/vscode/out/vs/workbench/api/node/extensionHostProcess.js:60:145)
	at h.deliver (/opt/dataiku/code-server/lib/vscode/out/vs/workbench/api/node/extensionHostProcess.js:60:2121)
	at i.fire (/opt/dataiku/code-server/lib/vscode/out/vs/workbench/api/node/extensionHostProcess.js:60:1729)
	at g.fire (/opt/dataiku/code-server/lib/vscode/out/vs/workbench/api/node/extensionHostProcess.js:71:14852)
	at u.E (/opt/dataiku/code-server/lib/vscode/out/vs/workbench/api/node/extensionHostProcess.js:71:18899)
	at /opt/dataiku/code-server/lib/vscode/out/vs/workbench/api/node/extensionHostProcess.js:71:16887
	at v.invoke (/opt/dataiku/code-server/lib/vscode/out/vs/workbench/api/node/extensionHostProcess.js:60:145)
	at h.deliver (/opt/dataiku/code-server/lib/vscode/out/vs/workbench/api/node/extensionHostProcess.js:60:2121)
	at i.fire (/opt/dataiku/code-server/lib/vscode/out/vs/workbench/api/node/extensionHostProcess.js:60:1729)
	at d.acceptChunk (/opt/dataiku/code-server/lib/vscode/out/vs/workbench/api/node/extensionHostProcess.js:71:12583)
	at /opt/dataiku/code-server/lib/vscode/out/vs/workbench/api/node/extensionHostProcess.js:71:11870
	at v.invoke (/opt/dataiku/code-server/lib/vscode/out/vs/workbench/api/node/extensionHostProcess.js:60:145)
	at h.deliver (/opt/dataiku/code-server/lib/vscode/out/vs/workbench/api/node/extensionHostProcess.js:60:2121)
	at i.fire (/opt/dataiku/code-server/lib/vscode/out/vs/workbench/api/node/extensionHostProcess.js:60:1729)
	at D.u (/opt/dataiku/code-server/lib/vscode/out/vs/workbench/api/node/extensionHostProcess.js:126:20019) setContext undefined
2024-03-07 11:32:56.682 [error] Canceled: Canceled
	at new l (/opt/dataiku/code-server/lib/vscode/out/vs/workbench/api/node/extensionHostProcess.js:98:104563)
	at a.O (/opt/dataiku/code-server/lib/vscode/out/vs/workbench/api/node/extensionHostProcess.js:110:11657)
	at Proxy.H.<computed>.V.charCodeAt.H.<computed> (/opt/dataiku/code-server/lib/vscode/out/vs/workbench/api/node/extensionHostProcess.js:110:8947)
	at e.ExtHostCommands.g (/opt/dataiku/code-server/lib/vscode/out/vs/workbench/api/node/extensionHostProcess.js:98:124729)
	at e.ExtHostCommands.executeCommand (/opt/dataiku/code-server/lib/vscode/out/vs/workbench/api/node/extensionHostProcess.js:98:124105)
	at C.registerCommand.description (/opt/dataiku/code-server/lib/vscode/out/vs/workbench/api/node/extensionHostProcess.js:98:123398)
	at e.ExtHostCommands.h (/opt/dataiku/code-server/lib/vscode/out/vs/workbench/api/node/extensionHostProcess.js:98:125315)
	at e.ExtHostCommands.g (/opt/dataiku/code-server/lib/vscode/out/vs/workbench/api/node/extensionHostProcess.js:98:124205)
	at e.ExtHostCommands.executeCommand (/opt/dataiku/code-server/lib/vscode/out/vs/workbench/api/node/extensionHostProcess.js:98:124105)
	at Object.executeCommand (/opt/dataiku/code-server/lib/vscode/out/vs/workbench/api/node/extensionHostProcess.js:116:24043)
	at g (/home/dataiku/workspace/code_studio-resources/vscode-extensions/eamodio.gitlens-14.2.1-universal/dist/gitlens.js:1:958233)
	at c (/home/dataiku/workspace/code_studio-resources/vscode-extensions/eamodio.gitlens-14.2.1-universal/dist/gitlens.js:1:962861)
	at ActionRunners._updateContextKeys (/home/dataiku/workspace/code_studio-resources/vscode-extensions/eamodio.gitlens-14.2.1-universal/dist/gitlens.js:1:38220)
	at s (/home/dataiku/workspace/code_studio-resources/vscode-extensions/eamodio.gitlens-14.2.1-universal/dist/gitlens.js:1:36639)
	at RegisteredActionRunner.unregister (/home/dataiku/workspace/code_studio-resources/vscode-extensions/eamodio.gitlens-14.2.1-universal/dist/gitlens.js:1:36783)
	at RegisteredActionRunner.dispose (/home/dataiku/workspace/code_studio-resources/vscode-extensions/eamodio.gitlens-14.2.1-universal/dist/gitlens.js:1:35446)
	at Object.dispose (/home/dataiku/workspace/code_studio-resources/vscode-extensions/eamodio.gitlens-14.2.1-universal/dist/gitlens.js:1:36880)
	at T (/opt/dataiku/code-server/lib/vscode/out/vs/workbench/api/node/extensionHostProcess.js:10:12080)
	at h.Y (/opt/dataiku/code-server/lib/vscode/out/vs/workbench/api/node/extensionHostProcess.js:112:11173)
	at /opt/dataiku/code-server/lib/vscode/out/vs/workbench/api/node/extensionHostProcess.js:112:9157
	at Array.map (<anonymous>)
	at h.R (/opt/dataiku/code-server/lib/vscode/out/vs/workbench/api/node/extensionHostProcess.js:112:9144)
	at h.terminate (/opt/dataiku/code-server/lib/vscode/out/vs/workbench/api/node/extensionHostProcess.js:112:9415)
	at d.terminate (/opt/dataiku/code-server/lib/vscode/out/vs/workbench/api/node/extensionHostProcess.js:116:1544)
	at g (/opt/dataiku/code-server/lib/vscode/out/vs/workbench/api/node/extensionHostProcess.js:126:34552)
	at /opt/dataiku/code-server/lib/vscode/out/vs/workbench/api/node/extensionHostProcess.js:126:32462
	at v.invoke (/opt/dataiku/code-server/lib/vscode/out/vs/workbench/api/node/extensionHostProcess.js:60:145)
	at h.deliver (/opt/dataiku/code-server/lib/vscode/out/vs/workbench/api/node/extensionHostProcess.js:60:2121)
	at i.fire (/opt/dataiku/code-server/lib/vscode/out/vs/workbench/api/node/extensionHostProcess.js:60:1729)
	at g.fire (/opt/dataiku/code-server/lib/vscode/out/vs/workbench/api/node/extensionHostProcess.js:71:14852)
	at u.E (/opt/dataiku/code-server/lib/vscode/out/vs/workbench/api/node/extensionHostProcess.js:71:18899)
	at /opt/dataiku/code-server/lib/vscode/out/vs/workbench/api/node/extensionHostProcess.js:71:16887
	at v.invoke (/opt/dataiku/code-server/lib/vscode/out/vs/workbench/api/node/extensionHostProcess.js:60:145)
	at h.deliver (/opt/dataiku/code-server/lib/vscode/out/vs/workbench/api/node/extensionHostProcess.js:60:2121)
	at i.fire (/opt/dataiku/code-server/lib/vscode/out/vs/workbench/api/node/extensionHostProcess.js:60:1729)
	at d.acceptChunk (/opt/dataiku/code-server/lib/vscode/out/vs/workbench/api/node/extensionHostProcess.js:71:12583)
	at /opt/dataiku/code-server/lib/vscode/out/vs/workbench/api/node/extensionHostProcess.js:71:11870
	at v.invoke (/opt/dataiku/code-server/lib/vscode/out/vs/workbench/api/node/extensionHostProcess.js:60:145)
	at h.deliver (/opt/dataiku/code-server/lib/vscode/out/vs/workbench/api/node/extensionHostProcess.js:60:2121)
	at i.fire (/opt/dataiku/code-server/lib/vscode/out/vs/workbench/api/node/extensionHostProcess.js:60:1729)
	at D.u (/opt/dataiku/code-server/lib/vscode/out/vs/workbench/api/node/extensionHostProcess.js:126:20019) setContext undefined
2024-03-07 11:32:56.683 [error] Canceled: Canceled
	at new l (/opt/dataiku/code-server/lib/vscode/out/vs/workbench/api/node/extensionHostProcess.js:98:104563)
	at a.O (/opt/dataiku/code-server/lib/vscode/out/vs/workbench/api/node/extensionHostProcess.js:110:11657)
	at Proxy.H.<computed>.V.charCodeAt.H.<computed> (/opt/dataiku/code-server/lib/vscode/out/vs/workbench/api/node/extensionHostProcess.js:110:8947)
	at e.ExtHostCommands.g (/opt/dataiku/code-server/lib/vscode/out/vs/workbench/api/node/extensionHostProcess.js:98:124729)
	at e.ExtHostCommands.executeCommand (/opt/dataiku/code-server/lib/vscode/out/vs/workbench/api/node/extensionHostProcess.js:98:124105)
	at C.registerCommand.description (/opt/dataiku/code-server/lib/vscode/out/vs/workbench/api/node/extensionHostProcess.js:98:123398)
	at e.ExtHostCommands.h (/opt/dataiku/code-server/lib/vscode/out/vs/workbench/api/node/extensionHostProcess.js:98:125315)
	at e.ExtHostCommands.g (/opt/dataiku/code-server/lib/vscode/out/vs/workbench/api/node/extensionHostProcess.js:98:124205)
	at e.ExtHostCommands.executeCommand (/opt/dataiku/code-server/lib/vscode/out/vs/workbench/api/node/extensionHostProcess.js:98:124105)
	at Object.executeCommand (/opt/dataiku/code-server/lib/vscode/out/vs/workbench/api/node/extensionHostProcess.js:116:24043)
	at g (/home/dataiku/workspace/code_studio-resources/vscode-extensions/eamodio.gitlens-14.2.1-universal/dist/gitlens.js:1:958233)
	at c (/home/dataiku/workspace/code_studio-resources/vscode-extensions/eamodio.gitlens-14.2.1-universal/dist/gitlens.js:1:962861)
	at ActionRunners._updateContextKeys (/home/dataiku/workspace/code_studio-resources/vscode-extensions/eamodio.gitlens-14.2.1-universal/dist/gitlens.js:1:38220)
	at s (/home/dataiku/workspace/code_studio-resources/vscode-extensions/eamodio.gitlens-14.2.1-universal/dist/gitlens.js:1:36639)
	at RegisteredActionRunner.unregister (/home/dataiku/workspace/code_studio-resources/vscode-extensions/eamodio.gitlens-14.2.1-universal/dist/gitlens.js:1:36783)
	at RegisteredActionRunner.dispose (/home/dataiku/workspace/code_studio-resources/vscode-extensions/eamodio.gitlens-14.2.1-universal/dist/gitlens.js:1:35446)
	at Object.dispose (/home/dataiku/workspace/code_studio-resources/vscode-extensions/eamodio.gitlens-14.2.1-universal/dist/gitlens.js:1:36880)
	at T (/opt/dataiku/code-server/lib/vscode/out/vs/workbench/api/node/extensionHostProcess.js:10:12080)
	at h.Y (/opt/dataiku/code-server/lib/vscode/out/vs/workbench/api/node/extensionHostProcess.js:112:11173)
	at /opt/dataiku/code-server/lib/vscode/out/vs/workbench/api/node/extensionHostProcess.js:112:9157
	at Array.map (<anonymous>)
	at h.R (/opt/dataiku/code-server/lib/vscode/out/vs/workbench/api/node/extensionHostProcess.js:112:9144)
	at h.terminate (/opt/dataiku/code-server/lib/vscode/out/vs/workbench/api/node/extensionHostProcess.js:112:9415)
	at d.terminate (/opt/dataiku/code-server/lib/vscode/out/vs/workbench/api/node/extensionHostProcess.js:116:1544)
	at g (/opt/dataiku/code-server/lib/vscode/out/vs/workbench/api/node/extensionHostProcess.js:126:34552)
	at /opt/dataiku/code-server/lib/vscode/out/vs/workbench/api/node/extensionHostProcess.js:126:32462
	at v.invoke (/opt/dataiku/code-server/lib/vscode/out/vs/workbench/api/node/extensionHostProcess.js:60:145)
	at h.deliver (/opt/dataiku/code-server/lib/vscode/out/vs/workbench/api/node/extensionHostProcess.js:60:2121)
	at i.fire (/opt/dataiku/code-server/lib/vscode/out/vs/workbench/api/node/extensionHostProcess.js:60:1729)
	at g.fire (/opt/dataiku/code-server/lib/vscode/out/vs/workbench/api/node/extensionHostProcess.js:71:14852)
	at u.E (/opt/dataiku/code-server/lib/vscode/out/vs/workbench/api/node/extensionHostProcess.js:71:18899)
	at /opt/dataiku/code-server/lib/vscode/out/vs/workbench/api/node/extensionHostProcess.js:71:16887
	at v.invoke (/opt/dataiku/code-server/lib/vscode/out/vs/workbench/api/node/extensionHostProcess.js:60:145)
	at h.deliver (/opt/dataiku/code-server/lib/vscode/out/vs/workbench/api/node/extensionHostProcess.js:60:2121)
	at i.fire (/opt/dataiku/code-server/lib/vscode/out/vs/workbench/api/node/extensionHostProcess.js:60:1729)
	at d.acceptChunk (/opt/dataiku/code-server/lib/vscode/out/vs/workbench/api/node/extensionHostProcess.js:71:12583)
	at /opt/dataiku/code-server/lib/vscode/out/vs/workbench/api/node/extensionHostProcess.js:71:11870
	at v.invoke (/opt/dataiku/code-server/lib/vscode/out/vs/workbench/api/node/extensionHostProcess.js:60:145)
	at h.deliver (/opt/dataiku/code-server/lib/vscode/out/vs/workbench/api/node/extensionHostProcess.js:60:2121)
	at i.fire (/opt/dataiku/code-server/lib/vscode/out/vs/workbench/api/node/extensionHostProcess.js:60:1729)
	at D.u (/opt/dataiku/code-server/lib/vscode/out/vs/workbench/api/node/extensionHostProcess.js:126:20019) setContext undefined
2024-03-07 11:32:56.687 [info] Extension host with pid 20013 exiting with code 0
