2024-03-07 11:33:02.601 [info] Log level: Info
2024-03-07 11:33:02.601 [info] Validating found git in: "git"
2024-03-07 11:33:02.601 [info] Using git "2.39.3" from "git"
2024-03-07 11:33:02.601 [info] > git rev-parse --show-toplevel [96ms]
2024-03-07 11:33:02.601 [info] > git rev-parse --git-dir --git-common-dir [3ms]
2024-03-07 11:33:02.601 [info] Open repository: /home/dataiku/workspace
2024-03-07 11:33:02.601 [info] > git rev-parse --show-toplevel [18ms]
2024-03-07 11:33:02.601 [info] > git config --get commit.template [16ms]
2024-03-07 11:33:02.601 [info] > git rev-parse --show-toplevel [15ms]
2024-03-07 11:33:02.601 [info] > git for-each-ref --format=%(refname)%00%(upstream:short)%00%(objectname)%00%(upstream:track)%00%(upstream:remotename)%00%(upstream:remoteref) refs/heads/develop refs/remotes/develop [12ms]
2024-03-07 11:33:02.601 [info] > git rev-parse --show-toplevel [14ms]
2024-03-07 11:33:02.601 [info] > git status -z -uall [14ms]
2024-03-07 11:33:02.601 [info] > git rev-parse --show-toplevel [47ms]
2024-03-07 11:33:02.601 [info] > git config --get commit.template [18ms]
2024-03-07 11:33:02.601 [info] > git rev-parse --show-toplevel [4ms]
2024-03-07 11:33:02.601 [info] > git rev-parse --show-toplevel [24ms]
2024-03-07 11:33:02.601 [info] > git for-each-ref --format=%(refname)%00%(upstream:short)%00%(objectname)%00%(upstream:track)%00%(upstream:remotename)%00%(upstream:remoteref) refs/heads/develop refs/remotes/develop [25ms]
2024-03-07 11:33:02.601 [info] > git rev-parse --show-toplevel [55ms]
2024-03-07 11:33:02.601 [info] > git status -z -uall [14ms]
2024-03-07 11:33:02.601 [info] > git rev-parse --show-toplevel [6ms]
2024-03-07 11:33:02.601 [info] > git rev-parse --show-toplevel [2ms]
2024-03-07 11:33:02.601 [info] > git rev-parse --show-toplevel [51ms]
2024-03-07 11:33:02.601 [info] > git rev-parse --show-toplevel [2ms]
2024-03-07 11:33:02.601 [info] > git check-ignore -v -z --stdin [65ms]
2024-03-07 11:33:02.699 [info] > git show --textconv :recipes/compute_analyticsbk_dataset.py [11ms]
2024-03-07 11:33:02.701 [info] > git ls-files --stage -- /home/dataiku/workspace/recipes/compute_analyticsbk_dataset.py [3ms]
2024-03-07 11:33:02.713 [info] > git cat-file -s 8d25ce339b00ebb6260267c9cd8e2089a5681765 [3ms]
2024-03-07 11:33:15.559 [info] > git config --get commit.template [9ms]
2024-03-07 11:33:15.560 [info] > git for-each-ref --format=%(refname)%00%(upstream:short)%00%(objectname)%00%(upstream:track)%00%(upstream:remotename)%00%(upstream:remoteref) refs/heads/develop refs/remotes/develop [3ms]
2024-03-07 11:33:15.577 [info] > git status -z -uall [10ms]
2024-03-07 11:33:20.597 [info] > git config --get commit.template [7ms]
2024-03-07 11:33:20.598 [info] > git for-each-ref --format=%(refname)%00%(upstream:short)%00%(objectname)%00%(upstream:track)%00%(upstream:remotename)%00%(upstream:remoteref) refs/heads/develop refs/remotes/develop [2ms]
2024-03-07 11:33:20.614 [info] > git status -z -uall [10ms]
2024-03-07 11:33:25.636 [info] > git config --get commit.template [8ms]
2024-03-07 11:33:25.637 [info] > git for-each-ref --format=%(refname)%00%(upstream:short)%00%(objectname)%00%(upstream:track)%00%(upstream:remotename)%00%(upstream:remoteref) refs/heads/develop refs/remotes/develop [2ms]
2024-03-07 11:33:25.656 [info] > git status -z -uall [9ms]
2024-03-07 11:33:30.677 [info] > git config --get commit.template [8ms]
2024-03-07 11:33:30.678 [info] > git for-each-ref --format=%(refname)%00%(upstream:short)%00%(objectname)%00%(upstream:track)%00%(upstream:remotename)%00%(upstream:remoteref) refs/heads/develop refs/remotes/develop [2ms]
2024-03-07 11:33:30.693 [info] > git status -z -uall [9ms]
2024-03-07 11:33:35.714 [info] > git config --get commit.template [8ms]
2024-03-07 11:33:35.715 [info] > git for-each-ref --format=%(refname)%00%(upstream:short)%00%(objectname)%00%(upstream:track)%00%(upstream:remotename)%00%(upstream:remoteref) refs/heads/develop refs/remotes/develop [2ms]
2024-03-07 11:33:35.731 [info] > git status -z -uall [10ms]
2024-03-07 11:33:40.751 [info] > git config --get commit.template [8ms]
2024-03-07 11:33:40.752 [info] > git for-each-ref --format=%(refname)%00%(upstream:short)%00%(objectname)%00%(upstream:track)%00%(upstream:remotename)%00%(upstream:remoteref) refs/heads/develop refs/remotes/develop [2ms]
2024-03-07 11:33:40.768 [info] > git status -z -uall [10ms]
2024-03-07 11:33:45.790 [info] > git config --get commit.template [9ms]
2024-03-07 11:33:45.791 [info] > git for-each-ref --format=%(refname)%00%(upstream:short)%00%(objectname)%00%(upstream:track)%00%(upstream:remotename)%00%(upstream:remoteref) refs/heads/develop refs/remotes/develop [2ms]
2024-03-07 11:33:45.808 [info] > git status -z -uall [10ms]
2024-03-07 11:33:50.832 [info] > git config --get commit.template [8ms]
2024-03-07 11:33:50.833 [info] > git for-each-ref --format=%(refname)%00%(upstream:short)%00%(objectname)%00%(upstream:track)%00%(upstream:remotename)%00%(upstream:remoteref) refs/heads/develop refs/remotes/develop [2ms]
2024-03-07 11:33:50.849 [info] > git status -z -uall [10ms]
2024-03-07 11:33:55.870 [info] > git config --get commit.template [8ms]
2024-03-07 11:33:55.871 [info] > git for-each-ref --format=%(refname)%00%(upstream:short)%00%(objectname)%00%(upstream:track)%00%(upstream:remotename)%00%(upstream:remoteref) refs/heads/develop refs/remotes/develop [2ms]
2024-03-07 11:33:55.888 [info] > git status -z -uall [10ms]
2024-03-07 11:34:00.910 [info] > git config --get commit.template [9ms]
2024-03-07 11:34:00.911 [info] > git for-each-ref --format=%(refname)%00%(upstream:short)%00%(objectname)%00%(upstream:track)%00%(upstream:remotename)%00%(upstream:remoteref) refs/heads/develop refs/remotes/develop [2ms]
2024-03-07 11:34:00.929 [info] > git status -z -uall [10ms]
