2024-03-07 11:22:15.585 [info] Log level: Info
2024-03-07 11:22:15.585 [info] Validating found git in: "git"
2024-03-07 11:22:15.585 [info] Using git "2.39.3" from "git"
2024-03-07 11:22:15.585 [info] > git rev-parse --show-toplevel [7ms]
2024-03-07 11:22:15.585 [info] > git rev-parse --git-dir --git-common-dir [4ms]
2024-03-07 11:22:15.585 [info] Open repository: /home/dataiku/workspace
2024-03-07 11:22:15.585 [info] > git rev-parse --show-toplevel [14ms]
2024-03-07 11:22:15.585 [info] > git config --get commit.template [15ms]
2024-03-07 11:22:15.585 [info] > git rev-parse --show-toplevel [25ms]
2024-03-07 11:22:15.585 [info] > git for-each-ref --format=%(refname)%00%(upstream:short)%00%(objectname)%00%(upstream:track)%00%(upstream:remotename)%00%(upstream:remoteref) refs/heads/develop refs/remotes/develop [11ms]
2024-03-07 11:22:15.585 [info] > git status -z -uall [13ms]
2024-03-07 11:22:15.585 [info] > git rev-parse --show-toplevel [36ms]
2024-03-07 11:22:15.585 [info] > git rev-parse --show-toplevel [25ms]
2024-03-07 11:22:15.585 [info] > git config --get commit.template [13ms]
2024-03-07 11:22:15.585 [info] > git rev-parse --show-toplevel [5ms]
2024-03-07 11:22:15.585 [info] > git rev-parse --show-toplevel [12ms]
2024-03-07 11:22:15.585 [info] > git for-each-ref --format=%(refname)%00%(upstream:short)%00%(objectname)%00%(upstream:track)%00%(upstream:remotename)%00%(upstream:remoteref) refs/heads/develop refs/remotes/develop [11ms]
2024-03-07 11:22:15.585 [info] > git rev-parse --show-toplevel [11ms]
2024-03-07 11:22:15.585 [info] > git status -z -uall [11ms]
2024-03-07 11:22:15.585 [info] > git rev-parse --show-toplevel [4ms]
2024-03-07 11:22:15.585 [info] > git rev-parse --show-toplevel [7ms]
2024-03-07 11:22:15.585 [info] > git rev-parse --show-toplevel [3ms]
2024-03-07 11:22:15.585 [info] > git rev-parse --show-toplevel [13ms]
2024-03-07 11:22:15.585 [info] > git config --local branch.develop.github-pr-owner-number [4ms]
2024-03-07 11:22:15.585 [info] > git config --get commit.template [11ms]
2024-03-07 11:22:15.585 [info] > git for-each-ref --format=%(refname)%00%(upstream:short)%00%(objectname)%00%(upstream:track)%00%(upstream:remotename)%00%(upstream:remoteref) refs/heads/develop refs/remotes/develop [4ms]
2024-03-07 11:22:15.585 [info] > git status -z -uall [16ms]
2024-03-07 11:22:16.093 [info] > git check-ignore -v -z --stdin [84ms]
2024-03-07 11:22:16.581 [info] > git show --textconv :recipes/compute_analyticsbk_dataset.py [51ms]
2024-03-07 11:22:16.582 [info] > git ls-files --stage -- /home/dataiku/workspace/recipes/compute_analyticsbk_dataset.py [42ms]
2024-03-07 11:22:16.595 [info] > git cat-file -s 8d25ce339b00ebb6260267c9cd8e2089a5681765 [3ms]
2024-03-07 11:22:18.027 [info] > git config --get commit.template [14ms]
2024-03-07 11:22:18.027 [info] > git for-each-ref --format=%(refname)%00%(upstream:short)%00%(objectname)%00%(upstream:track)%00%(upstream:remotename)%00%(upstream:remoteref) refs/heads/develop refs/remotes/develop [2ms]
2024-03-07 11:22:18.083 [info] > git status -z -uall [43ms]
2024-03-07 11:22:23.112 [info] > git config --get commit.template [11ms]
2024-03-07 11:22:23.113 [info] > git for-each-ref --format=%(refname)%00%(upstream:short)%00%(objectname)%00%(upstream:track)%00%(upstream:remotename)%00%(upstream:remoteref) refs/heads/develop refs/remotes/develop [2ms]
2024-03-07 11:22:23.131 [info] > git status -z -uall [9ms]
2024-03-07 11:22:28.160 [info] > git config --get commit.template [11ms]
2024-03-07 11:22:28.161 [info] > git for-each-ref --format=%(refname)%00%(upstream:short)%00%(objectname)%00%(upstream:track)%00%(upstream:remotename)%00%(upstream:remoteref) refs/heads/develop refs/remotes/develop [1ms]
2024-03-07 11:22:28.178 [info] > git status -z -uall [9ms]
2024-03-07 11:22:33.211 [info] > git config --get commit.template [15ms]
2024-03-07 11:22:33.213 [info] > git for-each-ref --format=%(refname)%00%(upstream:short)%00%(objectname)%00%(upstream:track)%00%(upstream:remotename)%00%(upstream:remoteref) refs/heads/develop refs/remotes/develop [2ms]
2024-03-07 11:22:33.234 [info] > git status -z -uall [9ms]
2024-03-07 11:22:38.259 [info] > git config --get commit.template [8ms]
2024-03-07 11:22:38.259 [info] > git for-each-ref --format=%(refname)%00%(upstream:short)%00%(objectname)%00%(upstream:track)%00%(upstream:remotename)%00%(upstream:remoteref) refs/heads/develop refs/remotes/develop [2ms]
2024-03-07 11:22:38.275 [info] > git status -z -uall [9ms]
2024-03-07 11:22:43.299 [info] > git config --get commit.template [8ms]
2024-03-07 11:22:43.300 [info] > git for-each-ref --format=%(refname)%00%(upstream:short)%00%(objectname)%00%(upstream:track)%00%(upstream:remotename)%00%(upstream:remoteref) refs/heads/develop refs/remotes/develop [1ms]
2024-03-07 11:22:43.316 [info] > git status -z -uall [9ms]
2024-03-07 11:22:48.338 [info] > git config --get commit.template [9ms]
2024-03-07 11:22:48.339 [info] > git for-each-ref --format=%(refname)%00%(upstream:short)%00%(objectname)%00%(upstream:track)%00%(upstream:remotename)%00%(upstream:remoteref) refs/heads/develop refs/remotes/develop [2ms]
2024-03-07 11:22:48.354 [info] > git status -z -uall [9ms]
2024-03-07 11:22:53.379 [info] > git config --get commit.template [10ms]
2024-03-07 11:22:53.380 [info] > git for-each-ref --format=%(refname)%00%(upstream:short)%00%(objectname)%00%(upstream:track)%00%(upstream:remotename)%00%(upstream:remoteref) refs/heads/develop refs/remotes/develop [2ms]
2024-03-07 11:22:53.396 [info] > git status -z -uall [10ms]
2024-03-07 11:23:09.457 [info] > git config --local branch.develop.github-pr-owner-number [2ms]
2024-03-07 11:23:09.472 [info] > git config --get commit.template [7ms]
2024-03-07 11:23:09.474 [info] > git for-each-ref --format=%(refname)%00%(upstream:short)%00%(objectname)%00%(upstream:track)%00%(upstream:remotename)%00%(upstream:remoteref) refs/heads/develop refs/remotes/develop [1ms]
2024-03-07 11:23:09.489 [info] > git status -z -uall [9ms]
2024-03-07 11:23:10.758 [info] > git config --get commit.template [9ms]
2024-03-07 11:23:10.759 [info] > git for-each-ref --format=%(refname)%00%(upstream:short)%00%(objectname)%00%(upstream:track)%00%(upstream:remotename)%00%(upstream:remoteref) refs/heads/develop refs/remotes/develop [2ms]
2024-03-07 11:23:10.776 [info] > git status -z -uall [10ms]
2024-03-07 11:23:15.628 [info] > git check-ignore -v -z --stdin [3ms]
2024-03-07 11:23:15.800 [info] > git config --get commit.template [10ms]
2024-03-07 11:23:15.801 [info] > git for-each-ref --format=%(refname)%00%(upstream:short)%00%(objectname)%00%(upstream:track)%00%(upstream:remotename)%00%(upstream:remoteref) refs/heads/develop refs/remotes/develop [2ms]
2024-03-07 11:23:15.818 [info] > git status -z -uall [9ms]
2024-03-07 11:23:20.841 [info] > git config --get commit.template [9ms]
2024-03-07 11:23:20.842 [info] > git for-each-ref --format=%(refname)%00%(upstream:short)%00%(objectname)%00%(upstream:track)%00%(upstream:remotename)%00%(upstream:remoteref) refs/heads/develop refs/remotes/develop [2ms]
2024-03-07 11:23:20.858 [info] > git status -z -uall [9ms]
