2024-03-07 10:41:18.602 [info] Reading sessions from keychain...
2024-03-07 10:41:18.602 [info] Getting sessions for all scopes...
2024-03-07 10:41:18.602 [info] Getting sessions for all scopes...
2024-03-07 10:41:18.602 [info] Got 0 sessions for ...
2024-03-07 10:41:18.602 [info] Got 0 sessions for ...
2024-03-07 10:41:18.602 [info] Getting sessions for read:user,repo,user:email,workflow...
2024-03-07 10:41:18.602 [info] Got 0 sessions for read:user,repo,user:email,workflow...
2024-03-07 10:41:22.091 [info] Logging in for the following scopes: read:user repo user:email workflow
2024-03-07 10:41:22.141 [info] Trying device code flow... (read:user repo user:email workflow)
2024-03-07 10:43:33.284 [error] Timed out
2024-03-07 11:06:58.481 [info] Getting sessions for read:user,repo,user:email,workflow...
2024-03-07 11:06:58.481 [info] Got 0 sessions for read:user,repo,user:email,workflow...
2024-03-07 11:06:58.581 [info] Getting sessions for read:user,repo,user:email...
2024-03-07 11:06:58.581 [info] Got 0 sessions for read:user,repo,user:email...
2024-03-07 11:07:18.102 [info] Getting sessions for read:user,repo,user:email,workflow...
2024-03-07 11:07:18.102 [info] Got 0 sessions for read:user,repo,user:email,workflow...
2024-03-07 11:07:18.203 [info] Getting sessions for read:user,repo,user:email...
2024-03-07 11:07:18.203 [info] Got 0 sessions for read:user,repo,user:email...
2024-03-07 11:07:18.303 [info] Getting sessions for read:user,repo,user:email,workflow...
2024-03-07 11:07:18.304 [info] Got 0 sessions for read:user,repo,user:email,workflow...
2024-03-07 11:07:31.211 [info] Getting sessions for read:user,repo,user:email,workflow...
2024-03-07 11:07:31.211 [info] Got 0 sessions for read:user,repo,user:email,workflow...
2024-03-07 11:07:31.309 [info] Getting sessions for read:user,repo,user:email...
2024-03-07 11:07:31.309 [info] Got 0 sessions for read:user,repo,user:email...
2024-03-07 11:07:31.407 [info] Getting sessions for read:user,repo,user:email,workflow...
2024-03-07 11:07:31.407 [info] Got 0 sessions for read:user,repo,user:email,workflow...
2024-03-07 11:07:33.512 [info] Logging in for the following scopes: read:user repo user:email workflow
2024-03-07 11:07:33.553 [info] Trying device code flow... (read:user repo user:email workflow)
2024-03-07 11:08:08.848 [info] Getting user info...
2024-03-07 11:08:09.094 [info] Got account info!
2024-03-07 11:08:09.095 [info] Storing 1 sessions...
2024-03-07 11:08:09.200 [info] Reading sessions from keychain...
2024-03-07 11:08:09.200 [info] Stored 1 sessions!
2024-03-07 11:08:09.200 [info] Login success!
2024-03-07 11:08:09.301 [info] Got stored sessions!
2024-03-07 11:08:09.301 [info] Got 1 verified sessions.
2024-03-07 11:09:38.330 [info] Getting sessions for read:user,repo,user:email,workflow...
2024-03-07 11:09:38.330 [info] Got 1 sessions for read:user,repo,user:email,workflow...
2024-03-07 11:09:41.226 [info] Logging in for the following scopes: read:user repo user:email workflow
2024-03-07 11:09:41.270 [info] Trying device code flow... (read:user repo user:email workflow)
2024-03-07 11:10:01.300 [info] Getting user info...
2024-03-07 11:10:01.539 [info] Got account info!
2024-03-07 11:10:01.540 [info] Storing 1 sessions...
2024-03-07 11:10:01.866 [info] Reading sessions from keychain...
2024-03-07 11:10:01.866 [info] Stored 1 sessions!
2024-03-07 11:10:01.866 [info] Login success!
2024-03-07 11:10:01.970 [info] Got stored sessions!
2024-03-07 11:10:01.970 [info] Got 1 verified sessions.
2024-03-07 11:20:41.150 [error] Canceled
2024-03-07 11:20:41.150 [error] Error: No auth flow succeeded.
	at t.GitHubServer.login (/opt/dataiku/code-server/lib/vscode/extensions/github-authentication/dist/extension.js:2:594177)
	at async t.GitHubAuthenticationProvider.createSession (/opt/dataiku/code-server/lib/vscode/extensions/github-authentication/dist/extension.js:2:590279)
